#
# A fatal error has been detected by the Java Runtime Environment:
#
#  SIGSEGV (0xb) at pc=0x00007f71ba25cfd3, pid=26719, tid=140125703112448
#
# JRE version: Java(TM) SE Runtime Environment (8.0_45-b14) (build 1.8.0_45-b14)
# Java VM: Java HotSpot(TM) 64-Bit Server VM (25.45-b02 mixed mode linux-amd64 compressed oops)
# Problematic frame:
# V  [libjvm.so+0x976fd3]  oopDesc* PSPromotionManager::copy_to_survivor_space<false>(oopDesc*)+0x143
#
# Failed to write core dump. Core dumps have been disabled. To enable core dumping, try "ulimit -c unlimited" before starting Java again
#
# If you would like to submit a bug report, please visit:
#   http://bugreport.java.com/bugreport/crash.jsp
#

---------------  T H R E A D  ---------------

Current thread (0x00007f71b407c000):  VMThread [stack: 0x00007f718eb20000,0x00007f718ec21000] [id=26729]

siginfo: si_signo: 11 (SIGSEGV), si_code: 1 (SEGV_MAPERR), si_addr: 0x0000000002480170

Registers:
RAX=0x00007f71ba8563b0, RBX=0x00000000df47a508, RCX=0x0000000000000003, RDX=0x0000000000000001
RSP=0x00007f718ec1f240, RBP=0x00007f718ec1f2b0, RSI=0x00000000dd0d11e0, RDI=0x0000000002480168
R8 =0x00000000df4bd530, R9 =0x00007f71b4079c98, R10=0x00007f71ba874259, R11=0x00007f718ec1f1f0
R12=0x00000000dd0d11e0, R13=0x004100540045004d, R14=0x0000000000000000, R15=0x00007f71b4079c68
RIP=0x00007f71ba25cfd3, EFLAGS=0x0000000000010202, CSGSFS=0x0000000000000033, ERR=0x0000000000000004
  TRAPNO=0x000000000000000e

Top of Stack: (sp=0x00007f718ec1f240)
0x00007f718ec1f240:   0000000000000000 00007f71ba874259
0x00007f718ec1f250:   0000000000000000 00007f71b4079c00
0x00007f718ec1f260:   00007f718ec1f810 00007f718ec1f800
0x00007f718ec1f270:   00000000df4b6e58 0000000000001000
0x00007f718ec1f280:   00007f718ec1f4a0 00000000df47a508
0x00007f718ec1f290:   00007f71b4079c00 00007f71ba8563a0
0x00007f718ec1f2a0:   0000000000000000 00007f71b4079c68
0x00007f718ec1f2b0:   00007f718ec1f3a0 00007f71ba25c858
0x00007f718ec1f2c0:   00007f718ec1f320 00007f718ec1f330
0x00007f718ec1f2d0:   00007f718ec1f340 00007f718ec1f300
0x00007f718ec1f2e0:   00007f718ec1f310 00007f718ec1f360
0x00007f718ec1f2f0:   01007f718ec1f390 00007f71b4079c98
0x00007f718ec1f300:   00000000dd4667f0 0000000e3c650801
0x00007f718ec1f310:   0000000000000000 0000000000000007
0x00007f718ec1f320:   00007f718ec1f3a0 00007f71ba25d3fe
0x00007f718ec1f330:   00007f718ec1f4b0 00007f71ba874259
0x00007f718ec1f340:   00007f718ec1f3b0 00007f71b4079c00
0x00007f718ec1f350:   00007f718ec1f380 00007f718ec1f3d0
0x00007f718ec1f360:   00000000df47a509 0000000000001000
0x00007f718ec1f370:   00007f718ec1f6b0 00007f718ec1f8b0
0x00007f718ec1f380:   0000000000000000 00000000df4330a8
0x00007f718ec1f390:   00007f718ec1f890 00007f71ba874258
0x00007f718ec1f3a0:   00007f718ec1f3c0 00007f71ba25fcda
0x00007f718ec1f3b0:   0000000000000000 0000000000000000
0x00007f718ec1f3c0:   00007f718ec1f430 00007f71ba26677a
0x00007f718ec1f3d0:   00007f718ec1f8b0 00007f717411cef0
0x00007f718ec1f3e0:   00007f717411d320 00007f7174124ed8
0x00007f718ec1f3f0:   00007f71b407ba10 00000000000083b0
0x00007f718ec1f400:   00007ffd00000004 0000000000000001
0x00007f718ec1f410:   00007f71b4078120 00007f71b4078250
0x00007f718ec1f420:   0000000000000000 00007f718ec1f890
0x00007f718ec1f430:   00007f718ec1f4c0 00007f71ba2669a4 

Instructions: (pc=0x00007f71ba25cfd3)
0x00007f71ba25cfb3:   83 e0 07 48 83 f8 05 75 d3 31 db eb d6 48 8b 05
0x00007f71ba25cfc3:   f1 a4 5d 00 8b 7e 08 8b 48 08 48 d3 e7 48 03 38
0x00007f71ba25cfd3:   8b 77 08 83 fe 00 0f 8f 0a ff ff ff 0f 85 4b 02
0x00007f71ba25cfe3:   00 00 0f 1f 00 48 8b 07 4c 89 e6 4c 89 55 98 ff 

Register to memory mapping:

RAX=0x00007f71ba8563b0: <offset 0xf703b0> in /home/andrew/java/jdk1.8.0_45/jre/lib/amd64/server/libjvm.so at 0x00007f71b98e6000
RBX=0x00000000df47a508 is an oop

[error occurred during error reporting (printing register info), id 0xb]

Stack: [0x00007f718eb20000,0x00007f718ec21000],  sp=0x00007f718ec1f240,  free space=1020k
Native frames: (J=compiled Java code, j=interpreted, Vv=VM code, C=native code)
V  [libjvm.so+0x976fd3]  oopDesc* PSPromotionManager::copy_to_survivor_space<false>(oopDesc*)+0x143
V  [libjvm.so+0x976858]  PSPromotionManager::drain_stacks_depth(bool)+0x7e8
V  [libjvm.so+0x979cda]  PSEvacuateFollowersClosure::do_void()+0x1a
V  [libjvm.so+0x98077a]  ReferenceProcessor::process_phase3(DiscoveredList&, bool, BoolObjectClosure*, OopClosure*, VoidClosure*)+0x25a
V  [libjvm.so+0x9809a4]  ReferenceProcessor::process_discovered_reflist(DiscoveredList*, ReferencePolicy*, bool, BoolObjectClosure*, OopClosure*, VoidClosure*, AbstractRefProcTaskExecutor*)+0x174
V  [libjvm.so+0x98131c]  ReferenceProcessor::process_discovered_references(BoolObjectClosure*, OopClosure*, VoidClosure*, AbstractRefProcTaskExecutor*, GCTimer*, GCId)+0x19c
V  [libjvm.so+0x978ef8]  PSScavenge::invoke_no_policy()+0xb78
V  [libjvm.so+0x979a81]  PSScavenge::invoke()+0x41
V  [libjvm.so+0x932050]  ParallelScavengeHeap::failed_mem_allocate(unsigned long)+0x70
V  [libjvm.so+0xaae1d7]  VM_ParallelGCFailedAllocation::doit()+0x97
V  [libjvm.so+0xab59c5]  VM_Operation::evaluate()+0x55
V  [libjvm.so+0xab3d9a]  VMThread::evaluate_operation(VM_Operation*)+0xba
V  [libjvm.so+0xab411e]  VMThread::loop()+0x1ce
V  [libjvm.so+0xab4590]  VMThread::run()+0x70
V  [libjvm.so+0x910de8]  java_start(Thread*)+0x108

VM_Operation (0x00007f718cceb4f0): ParallelGCFailedAllocation, mode: safepoint, requested by thread 0x00007f7148002000


---------------  P R O C E S S  ---------------

Java Threads: ( => current thread )
  0x00007f7138001800 JavaThread "JMX server connection timeout 23" daemon [_thread_blocked, id=26754, stack(0x00007f716cefe000,0x00007f716cfff000)]
  0x00007f7160001000 JavaThread "RMI TCP Connection(3)-127.0.0.1" daemon [_thread_in_native, id=26753, stack(0x00007f718c057000,0x00007f718c158000)]
  0x00007f7178001000 JavaThread "Attach Listener" daemon [_thread_blocked, id=26751, stack(0x00007f718c558000,0x00007f718c659000)]
  0x00007f7148002000 JavaThread "restartedMain" [_thread_blocked, id=26748, stack(0x00007f718cbef000,0x00007f718ccf0000)]
  0x00007f71b4665000 JavaThread "Thread-2" [_thread_blocked, id=26747, stack(0x00007f718ccf0000,0x00007f718cdf1000)]
  0x00007f7150005800 JavaThread "JMX server connection timeout 16" daemon [_thread_blocked, id=26745, stack(0x00007f718cdf1000,0x00007f718cef2000)]
  0x00007f7164001000 JavaThread "RMI TCP Connection(2)-127.0.0.1" daemon [_thread_in_native, id=26744, stack(0x00007f718cef2000,0x00007f718cff3000)]
  0x00007f7158010000 JavaThread "RMI Scheduler(0)" daemon [_thread_blocked, id=26743, stack(0x00007f718cff3000,0x00007f718d0f4000)]
  0x00007f715c001000 JavaThread "RMI TCP Connection(1)-127.0.0.1" daemon [_thread_in_native, id=26741, stack(0x00007f718d2f4000,0x00007f718d3f5000)]
  0x00007f71b4541000 JavaThread "RMI TCP Accept-0" daemon [_thread_in_native, id=26739, stack(0x00007f718d4f7000,0x00007f718d5f8000)]
  0x00007f71b451e800 JavaThread "RMI TCP Accept-43846" daemon [_thread_in_native, id=26738, stack(0x00007f718d61f000,0x00007f718d720000)]
  0x00007f71b4506000 JavaThread "RMI TCP Accept-0" daemon [_thread_in_native, id=26737, stack(0x00007f718d720000,0x00007f718d821000)]
  0x00007f71b40c6800 JavaThread "Service Thread" daemon [_thread_blocked, id=26736, stack(0x00007f718e141000,0x00007f718e242000)]
  0x00007f71b40c1800 JavaThread "C1 CompilerThread2" daemon [_thread_blocked, id=26735, stack(0x00007f718e242000,0x00007f718e343000)]
  0x00007f71b40bf800 JavaThread "C2 CompilerThread1" daemon [_thread_blocked, id=26734, stack(0x00007f718e343000,0x00007f718e444000)]
  0x00007f71b40bd000 JavaThread "C2 CompilerThread0" daemon [_thread_blocked, id=26733, stack(0x00007f718e444000,0x00007f718e545000)]
  0x00007f71b40bb800 JavaThread "Signal Dispatcher" daemon [_thread_blocked, id=26732, stack(0x00007f718e545000,0x00007f718e646000)]
  0x00007f71b4083800 JavaThread "Finalizer" daemon [_thread_blocked, id=26731, stack(0x00007f718e91e000,0x00007f718ea1f000)]
  0x00007f71b4081000 JavaThread "Reference Handler" daemon [_thread_blocked, id=26730, stack(0x00007f718ea1f000,0x00007f718eb20000)]
  0x00007f71b400e800 JavaThread "main" [_thread_blocked, id=26724, stack(0x00007f71bb3b1000,0x00007f71bb4b2000)]

Other Threads:
=>0x00007f71b407c000 VMThread [stack: 0x00007f718eb20000,0x00007f718ec21000] [id=26729]
  0x00007f71b4544000 WatcherThread [stack: 0x00007f718d3f6000,0x00007f718d4f7000] [id=26740]

VM state:at safepoint (normal execution)

VM Mutex/Monitor currently owned by a thread:  ([mutex/lock_event])
[0x00007f71b400ac40] Threads_lock - owner thread: 0x00007f71b407c000
[0x00007f71b400b140] Heap_lock - owner thread: 0x00007f7148002000

Heap:
 PSYoungGen      total 130048K, used 124928K [0x00000000d7780000, 0x00000000dfb80000, 0x0000000100000000)
  eden space 124928K, 100% used [0x00000000d7780000,0x00000000df180000,0x00000000df180000)
  from space 5120K, 0% used [0x00000000df680000,0x00000000df680000,0x00000000dfb80000)
  to   space 5120K, 64% used [0x00000000df180000,0x00000000df4bee58,0x00000000df680000)
 ParOldGen       total 52736K, used 7673K [0x0000000086600000, 0x0000000089980000, 0x00000000d7780000)
  object space 52736K, 14% used [0x0000000086600000,0x0000000086d7e6d0,0x0000000089980000)
 Metaspace       used 23318K, capacity 24329K, committed 24448K, reserved 1071104K
  class space    used 3170K, capacity 3414K, committed 3456K, reserved 1048576K

Card table byte_map: [0x00007f71a4c32000,0x00007f71a5000000] byte_map_base: 0x00007f71a47ff000

Marking Bits: (ParMarkBitMap*) 0x00007f71ba883760
 Begin Bits: [0x00007f7190330000, 0x00007f7192198000)
 End Bits:   [0x00007f7192198000, 0x00007f7194000000)

Polling page: 0x00007f71bb4d3000

CodeCache: size=245760Kb used=4791Kb max_used=4791Kb free=240968Kb
 bounds [0x00007f71a5000000, 0x00007f71a54b0000, 0x00007f71b4000000]
 total_blobs=2834 nmethods=2447 adapters=301
 compilation: enabled

Compilation events (10 events):
Event: 2.579 Thread 0x00007f71b40c1800 nmethod 2443 0x00007f71a54ac110 code [0x00007f71a54ac2e0, 0x00007f71a54ac698]
Event: 2.579 Thread 0x00007f71b40c1800 2445   !   1       com.sun.proxy.$Proxy5::annotationType (29 bytes)
Event: 2.579 Thread 0x00007f71b40c1800 nmethod 2445 0x00007f71a54ac850 code [0x00007f71a54ac9e0, 0x00007f71a54acbf8]
Event: 2.579 Thread 0x00007f71b40c1800 2446       1       sun.reflect.annotation.AnnotationParser::parseClassArray (79 bytes)
Event: 2.580 Thread 0x00007f71b40c1800 nmethod 2446 0x00007f71a54acd10 code [0x00007f71a54acee0, 0x00007f71a54ad4e8]
Event: 2.580 Thread 0x00007f71b40c1800 2444       1       org.springframework.beans.factory.annotation.AnnotatedGenericBeanDefinition::getMetadata (5 bytes)
Event: 2.580 Thread 0x00007f71b40c1800 nmethod 2444 0x00007f71a54ad990 code [0x00007f71a54adae0, 0x00007f71a54adbf0]
Event: 2.580 Thread 0x00007f71b40c1800 2447       1       ch.qos.logback.classic.Logger::<init> (25 bytes)
Event: 2.580 Thread 0x00007f71b40c1800 nmethod 2447 0x00007f71a54adc50 code [0x00007f71a54adda0, 0x00007f71a54adef0]
Event: 2.580 Thread 0x00007f71b40c1800 2448       1       ch.qos.logback.classic.Logger::createChildByName (128 bytes)

GC Heap History (10 events):
Event: 0.692 GC heap after
Heap after GC invocations=1 (full 0):
 PSYoungGen      total 36352K, used 4616K [0x00000000d7780000, 0x00000000dbe80000, 0x0000000100000000)
  eden space 31232K, 0% used [0x00000000d7780000,0x00000000d7780000,0x00000000d9600000)
  from space 5120K, 90% used [0x00000000d9600000,0x00000000d9a82230,0x00000000d9b00000)
  to   space 5120K, 0% used [0x00000000db980000,0x00000000db980000,0x00000000dbe80000)
 ParOldGen       total 83456K, used 16K [0x0000000086600000, 0x000000008b780000, 0x00000000d7780000)
  object space 83456K, 0% used [0x0000000086600000,0x0000000086604000,0x000000008b780000)
 Metaspace       used 10201K, capacity 10476K, committed 10624K, reserved 1058816K
  class space    used 1239K, capacity 1326K, committed 1408K, reserved 1048576K
}
Event: 0.709 GC heap before
{Heap before GC invocations=2 (full 0):
 PSYoungGen      total 36352K, used 35848K [0x00000000d7780000, 0x00000000dbe80000, 0x0000000100000000)
  eden space 31232K, 100% used [0x00000000d7780000,0x00000000d9600000,0x00000000d9600000)
  from space 5120K, 90% used [0x00000000d9600000,0x00000000d9a82230,0x00000000d9b00000)
  to   space 5120K, 0% used [0x00000000db980000,0x00000000db980000,0x00000000dbe80000)
 ParOldGen       total 83456K, used 16K [0x0000000086600000, 0x000000008b780000, 0x00000000d7780000)
  object space 83456K, 0% used [0x0000000086600000,0x0000000086604000,0x000000008b780000)
 Metaspace       used 10208K, capacity 10476K, committed 10624K, reserved 1058816K
  class space    used 1239K, capacity 1326K, committed 1408K, reserved 1048576K
Event: 0.714 GC heap after
Heap after GC invocations=2 (full 0):
 PSYoungGen      total 67584K, used 2592K [0x00000000d7780000, 0x00000000dbe80000, 0x0000000100000000)
  eden space 62464K, 0% used [0x00000000d7780000,0x00000000d7780000,0x00000000db480000)
  from space 5120K, 50% used [0x00000000db980000,0x00000000dbc08250,0x00000000dbe80000)
  to   space 5120K, 0% used [0x00000000db480000,0x00000000db480000,0x00000000db980000)
 ParOldGen       total 83456K, used 24K [0x0000000086600000, 0x000000008b780000, 0x00000000d7780000)
  object space 83456K, 0% used [0x0000000086600000,0x0000000086606000,0x000000008b780000)
 Metaspace       used 10208K, capacity 10476K, committed 10624K, reserved 1058816K
  class space    used 1239K, capacity 1326K, committed 1408K, reserved 1048576K
}
Event: 1.270 GC heap before
{Heap before GC invocations=3 (full 0):
 PSYoungGen      total 67584K, used 65056K [0x00000000d7780000, 0x00000000dbe80000, 0x0000000100000000)
  eden space 62464K, 100% used [0x00000000d7780000,0x00000000db480000,0x00000000db480000)
  from space 5120K, 50% used [0x00000000db980000,0x00000000dbc08250,0x00000000dbe80000)
  to   space 5120K, 0% used [0x00000000db480000,0x00000000db480000,0x00000000db980000)
 ParOldGen       total 83456K, used 24K [0x0000000086600000, 0x000000008b780000, 0x00000000d7780000)
  object space 83456K, 0% used [0x0000000086600000,0x0000000086606000,0x000000008b780000)
 Metaspace       used 17118K, capacity 17736K, committed 17920K, reserved 1064960K
  class space    used 2314K, capacity 2486K, committed 2560K, reserved 1048576K
Event: 1.286 GC heap after
Heap after GC invocations=3 (full 0):
 PSYoungGen      total 67584K, used 5090K [0x00000000d7780000, 0x00000000dfb80000, 0x0000000100000000)
  eden space 62464K, 0% used [0x00000000d7780000,0x00000000d7780000,0x00000000db480000)
  from space 5120K, 99% used [0x00000000db480000,0x00000000db978af8,0x00000000db980000)
  to   space 5120K, 0% used [0x00000000df680000,0x00000000df680000,0x00000000dfb80000)
 ParOldGen       total 83456K, used 4407K [0x0000000086600000, 0x000000008b780000, 0x00000000d7780000)
  object space 83456K, 5% used [0x0000000086600000,0x0000000086a4de40,0x000000008b780000)
 Metaspace       used 17118K, capacity 17736K, committed 17920K, reserved 1064960K
  class space    used 2314K, capacity 2486K, committed 2560K, reserved 1048576K
}
Event: 1.542 GC heap before
{Heap before GC invocations=4 (full 0):
 PSYoungGen      total 67584K, used 30625K [0x00000000d7780000, 0x00000000dfb80000, 0x0000000100000000)
  eden space 62464K, 40% used [0x00000000d7780000,0x00000000d906fc48,0x00000000db480000)
  from space 5120K, 99% used [0x00000000db480000,0x00000000db978af8,0x00000000db980000)
  to   space 5120K, 0% used [0x00000000df680000,0x00000000df680000,0x00000000dfb80000)
 ParOldGen       total 83456K, used 4407K [0x0000000086600000, 0x000000008b780000, 0x00000000d7780000)
  object space 83456K, 5% used [0x0000000086600000,0x0000000086a4de40,0x000000008b780000)
 Metaspace       used 20405K, capacity 21125K, committed 21296K, reserved 1067008K
  class space    used 2735K, capacity 2944K, committed 2944K, reserved 1048576K
Event: 1.561 GC heap after
Heap after GC invocations=4 (full 0):
 PSYoungGen      total 130048K, used 5090K [0x00000000d7780000, 0x00000000dfb80000, 0x0000000100000000)
  eden space 124928K, 0% used [0x00000000d7780000,0x00000000d7780000,0x00000000df180000)
  from space 5120K, 99% used [0x00000000df680000,0x00000000dfb78b38,0x00000000dfb80000)
  to   space 5120K, 0% used [0x00000000df180000,0x00000000df180000,0x00000000df680000)
 ParOldGen       total 83456K, used 7173K [0x0000000086600000, 0x000000008b780000, 0x00000000d7780000)
  object space 83456K, 8% used [0x0000000086600000,0x0000000086d01570,0x000000008b780000)
 Metaspace       used 20405K, capacity 21125K, committed 21296K, reserved 1067008K
  class space    used 2735K, capacity 2944K, committed 2944K, reserved 1048576K
}
Event: 1.561 GC heap before
{Heap before GC invocations=5 (full 1):
 PSYoungGen      total 130048K, used 5090K [0x00000000d7780000, 0x00000000dfb80000, 0x0000000100000000)
  eden space 124928K, 0% used [0x00000000d7780000,0x00000000d7780000,0x00000000df180000)
  from space 5120K, 99% used [0x00000000df680000,0x00000000dfb78b38,0x00000000dfb80000)
  to   space 5120K, 0% used [0x00000000df180000,0x00000000df180000,0x00000000df680000)
 ParOldGen       total 83456K, used 7173K [0x0000000086600000, 0x000000008b780000, 0x00000000d7780000)
  object space 83456K, 8% used [0x0000000086600000,0x0000000086d01570,0x000000008b780000)
 Metaspace       used 20405K, capacity 21125K, committed 21296K, reserved 1067008K
  class space    used 2735K, capacity 2944K, committed 2944K, reserved 1048576K
Event: 1.609 GC heap after
Heap after GC invocations=5 (full 1):
 PSYoungGen      total 130048K, used 0K [0x00000000d7780000, 0x00000000dfb80000, 0x0000000100000000)
  eden space 124928K, 0% used [0x00000000d7780000,0x00000000d7780000,0x00000000df180000)
  from space 5120K, 0% used [0x00000000df680000,0x00000000df680000,0x00000000dfb80000)
  to   space 5120K, 0% used [0x00000000df180000,0x00000000df180000,0x00000000df680000)
 ParOldGen       total 52736K, used 7665K [0x0000000086600000, 0x0000000089980000, 0x00000000d7780000)
  object space 52736K, 14% used [0x0000000086600000,0x0000000086d7c6d0,0x0000000089980000)
 Metaspace       used 20396K, capacity 21107K, committed 21296K, reserved 1067008K
  class space    used 2731K, capacity 2937K, committed 2944K, reserved 1048576K
}
Event: 2.581 GC heap before
{Heap before GC invocations=6 (full 1):
 PSYoungGen      total 130048K, used 124928K [0x00000000d7780000, 0x00000000dfb80000, 0x0000000100000000)
  eden space 124928K, 100% used [0x00000000d7780000,0x00000000df180000,0x00000000df180000)
  from space 5120K, 0% used [0x00000000df680000,0x00000000df680000,0x00000000dfb80000)
  to   space 5120K, 0% used [0x00000000df180000,0x00000000df180000,0x00000000df680000)
 ParOldGen       total 52736K, used 7665K [0x0000000086600000, 0x0000000089980000, 0x00000000d7780000)
  object space 52736K, 14% used [0x0000000086600000,0x0000000086d7c6d0,0x0000000089980000)
 Metaspace       used 23318K, capacity 24329K, committed 24448K, reserved 1071104K
  class space    used 3170K, capacity 3414K, committed 3456K, reserved 1048576K

Deoptimization events (0 events):
No events

Internal exceptions (10 events):
Event: 2.364 Thread 0x00007f7148002000 Exception <a 'java/lang/ArrayIndexOutOfBoundsException'> (0x00000000de230b50) thrown at [/RE-WORK/workspace/8-2-build-linux-amd64/jdk8u45/3457/hotspot/src/share/vm/runtime/sharedRuntime.cpp, line 605]
Event: 2.403 Thread 0x00007f7148002000 Exception <a 'java/lang/ArrayIndexOutOfBoundsException'> (0x00000000de5d48c0) thrown at [/RE-WORK/workspace/8-2-build-linux-amd64/jdk8u45/3457/hotspot/src/share/vm/runtime/sharedRuntime.cpp, line 605]
Event: 2.418 Thread 0x00007f7148002000 Exception <a 'java/lang/ArrayIndexOutOfBoundsException'> (0x00000000de6ba9d8) thrown at [/RE-WORK/workspace/8-2-build-linux-amd64/jdk8u45/3457/hotspot/src/share/vm/runtime/sharedRuntime.cpp, line 605]
Event: 2.420 Thread 0x00007f7148002000 Exception <a 'java/lang/ArrayIndexOutOfBoundsException'> (0x00000000de6df918) thrown at [/RE-WORK/workspace/8-2-build-linux-amd64/jdk8u45/3457/hotspot/src/share/vm/runtime/sharedRuntime.cpp, line 605]
Event: 2.451 Thread 0x00007f7148002000 Exception <a 'java/lang/ArrayIndexOutOfBoundsException'> (0x00000000de8d9298) thrown at [/RE-WORK/workspace/8-2-build-linux-amd64/jdk8u45/3457/hotspot/src/share/vm/runtime/sharedRuntime.cpp, line 605]
Event: 2.490 Thread 0x00007f7148002000 Exception <a 'java/lang/ArrayIndexOutOfBoundsException'> (0x00000000deb9aa38) thrown at [/RE-WORK/workspace/8-2-build-linux-amd64/jdk8u45/3457/hotspot/src/share/vm/runtime/sharedRuntime.cpp, line 605]
Event: 2.523 Thread 0x00007f7148002000 Exception <a 'java/lang/ArrayIndexOutOfBoundsException'> (0x00000000ded9ea90) thrown at [/RE-WORK/workspace/8-2-build-linux-amd64/jdk8u45/3457/hotspot/src/share/vm/runtime/sharedRuntime.cpp, line 605]
Event: 2.558 Thread 0x00007f7148002000 Exception <a 'java/lang/ArrayIndexOutOfBoundsException'> (0x00000000df014208) thrown at [/RE-WORK/workspace/8-2-build-linux-amd64/jdk8u45/3457/hotspot/src/share/vm/runtime/sharedRuntime.cpp, line 605]
Event: 2.560 Thread 0x00007f7148002000 Exception <a 'java/lang/ArrayIndexOutOfBoundsException'> (0x00000000df02bb18) thrown at [/RE-WORK/workspace/8-2-build-linux-amd64/jdk8u45/3457/hotspot/src/share/vm/runtime/sharedRuntime.cpp, line 605]
Event: 2.565 Thread 0x00007f7148002000 Exception <a 'java/lang/ArrayIndexOutOfBoundsException'> (0x00000000df068688) thrown at [/RE-WORK/workspace/8-2-build-linux-amd64/jdk8u45/3457/hotspot/src/share/vm/runtime/sharedRuntime.cpp, line 605]

Events (10 events):
Event: 2.574 loading class org/springframework/data/repository/core/support/RepositoryFactoryInformation done
Event: 2.575 loading class org/springframework/data/jpa/repository/config/JpaRepositoryConfigExtension
Event: 2.575 loading class org/springframework/data/jpa/repository/config/JpaRepositoryConfigExtension done
Event: 2.576 loading class org/springframework/data/repository/config/RepositoryConfigurationExtensionSupport
Event: 2.576 loading class org/springframework/data/repository/config/RepositoryConfigurationExtensionSupport done
Event: 2.576 loading class org/springframework/data/repository/config/RepositoryConfigurationExtension
Event: 2.576 loading class org/springframework/data/repository/config/RepositoryConfigurationExtension done
Event: 2.580 loading class org/springframework/boot/autoconfigure/data/jpa/JpaRepositoriesAutoConfiguration$BootstrapExecutorCondition
Event: 2.580 loading class org/springframework/boot/autoconfigure/data/jpa/JpaRepositoriesAutoConfiguration$BootstrapExecutorCondition done
Event: 2.581 Executing VM operation: ParallelGCFailedAllocation


Dynamic libraries:
00400000-00401000 r-xp 00000000 08:06 14944434                           /home/andrew/java/jdk1.8.0_45/bin/java
00600000-00601000 rw-p 00000000 08:06 14944434                           /home/andrew/java/jdk1.8.0_45/bin/java
01c67000-01c88000 rw-p 00000000 00:00 0                                  [heap]
86600000-89980000 rw-p 00000000 00:00 0 
89980000-d7780000 ---p 00000000 00:00 0 
d7780000-dfb80000 rw-p 00000000 00:00 0 
dfb80000-100000000 ---p 00000000 00:00 0 
100000000-100360000 rw-p 00000000 00:00 0 
100360000-140000000 ---p 00000000 00:00 0 
7f712c000000-7f712c021000 rw-p 00000000 00:00 0 
7f712c021000-7f7130000000 ---p 00000000 00:00 0 
7f7134000000-7f7134021000 rw-p 00000000 00:00 0 
7f7134021000-7f7138000000 ---p 00000000 00:00 0 
7f7138000000-7f7138021000 rw-p 00000000 00:00 0 
7f7138021000-7f713c000000 ---p 00000000 00:00 0 
7f713c000000-7f713c3cd000 rw-p 00000000 00:00 0 
7f713c3cd000-7f7140000000 ---p 00000000 00:00 0 
7f7140000000-7f71402ac000 rw-p 00000000 00:00 0 
7f71402ac000-7f7144000000 ---p 00000000 00:00 0 
7f7144000000-7f7144021000 rw-p 00000000 00:00 0 
7f7144021000-7f7148000000 ---p 00000000 00:00 0 
7f7148000000-7f7148021000 rw-p 00000000 00:00 0 
7f7148021000-7f714c000000 ---p 00000000 00:00 0 
7f714c000000-7f714c021000 rw-p 00000000 00:00 0 
7f714c021000-7f7150000000 ---p 00000000 00:00 0 
7f7150000000-7f7150021000 rw-p 00000000 00:00 0 
7f7150021000-7f7154000000 ---p 00000000 00:00 0 
7f7154000000-7f7154021000 rw-p 00000000 00:00 0 
7f7154021000-7f7158000000 ---p 00000000 00:00 0 
7f7158000000-7f7158021000 rw-p 00000000 00:00 0 
7f7158021000-7f715c000000 ---p 00000000 00:00 0 
7f715c000000-7f715c021000 rw-p 00000000 00:00 0 
7f715c021000-7f7160000000 ---p 00000000 00:00 0 
7f7160000000-7f7160021000 rw-p 00000000 00:00 0 
7f7160021000-7f7164000000 ---p 00000000 00:00 0 
7f7164000000-7f7164021000 rw-p 00000000 00:00 0 
7f7164021000-7f7168000000 ---p 00000000 00:00 0 
7f7168000000-7f7168021000 rw-p 00000000 00:00 0 
7f7168021000-7f716c000000 ---p 00000000 00:00 0 
7f716cafe000-7f716cb7e000 rw-p 00000000 00:00 0 
7f716cb7e000-7f716ccfe000 ---p 00000000 00:00 0 
7f716ccfe000-7f716cefe000 rw-p 00000000 00:00 0 
7f716cefe000-7f716cf01000 ---p 00000000 00:00 0 
7f716cf01000-7f7170000000 rw-p 00000000 00:00 0 
7f7170000000-7f7170021000 rw-p 00000000 00:00 0 
7f7170021000-7f7174000000 ---p 00000000 00:00 0 
7f7174000000-7f7174386000 rw-p 00000000 00:00 0 
7f7174386000-7f7178000000 ---p 00000000 00:00 0 
7f7178000000-7f7178021000 rw-p 00000000 00:00 0 
7f7178021000-7f717c000000 ---p 00000000 00:00 0 
7f717c000000-7f717c06e000 rw-p 00000000 00:00 0 
7f717c06e000-7f7180000000 ---p 00000000 00:00 0 
7f7180000000-7f7180021000 rw-p 00000000 00:00 0 
7f7180021000-7f7184000000 ---p 00000000 00:00 0 
7f7184000000-7f7184021000 rw-p 00000000 00:00 0 
7f7184021000-7f7188000000 ---p 00000000 00:00 0 
7f7188000000-7f7188293000 rw-p 00000000 00:00 0 
7f7188293000-7f718c000000 ---p 00000000 00:00 0 
7f718c057000-7f718c05a000 ---p 00000000 00:00 0 
7f718c05a000-7f718c358000 rw-p 00000000 00:00 0 
7f718c358000-7f718c558000 rw-p 00000000 00:00 0 
7f718c558000-7f718c55b000 ---p 00000000 00:00 0 
7f718c55b000-7f718c859000 rw-p 00000000 00:00 0 
7f718c859000-7f718c8ee000 r--s 010fa000 08:06 14944359                   /home/andrew/java/jdk1.8.0_45/jre/lib/ext/jfxrt.jar
7f718c8ee000-7f718caee000 rw-p 00000000 00:00 0 
7f718caee000-7f718caf1000 ---p 00000000 00:00 0 
7f718caf1000-7f718cbef000 rw-p 00000000 00:00 0 
7f718cbef000-7f718cbf2000 ---p 00000000 00:00 0 
7f718cbf2000-7f718ccf0000 rw-p 00000000 00:00 0 
7f718ccf0000-7f718ccf3000 ---p 00000000 00:00 0 
7f718ccf3000-7f718cdf1000 rw-p 00000000 00:00 0 
7f718cdf1000-7f718cdf4000 ---p 00000000 00:00 0 
7f718cdf4000-7f718cef2000 rw-p 00000000 00:00 0 
7f718cef2000-7f718cef5000 ---p 00000000 00:00 0 
7f718cef5000-7f718cff3000 rw-p 00000000 00:00 0 
7f718cff3000-7f718cff6000 ---p 00000000 00:00 0 
7f718cff6000-7f718d2f4000 rw-p 00000000 00:00 0 
7f718d2f4000-7f718d2f7000 ---p 00000000 00:00 0 
7f718d2f7000-7f718d3f5000 rw-p 00000000 00:00 0 
7f718d3f5000-7f718d3f6000 r--p 00000000 08:01 4985559                    /usr/share/locale-langpack/en_GB/LC_MESSAGES/libc.mo
7f718d3f6000-7f718d3f7000 ---p 00000000 00:00 0 
7f718d3f7000-7f718d4f7000 rw-p 00000000 00:00 0 
7f718d4f7000-7f718d4fa000 ---p 00000000 00:00 0 
7f718d4fa000-7f718d5f8000 rw-p 00000000 00:00 0 
7f718d5f8000-7f718d614000 r--s 00393000 08:06 14944358                   /home/andrew/java/jdk1.8.0_45/jre/lib/ext/cldrdata.jar
7f718d614000-7f718d61f000 r--s 00116000 08:06 14944356                   /home/andrew/java/jdk1.8.0_45/jre/lib/ext/localedata.jar
7f718d61f000-7f718d622000 ---p 00000000 00:00 0 
7f718d622000-7f718d720000 rw-p 00000000 00:00 0 
7f718d720000-7f718d723000 ---p 00000000 00:00 0 
7f718d723000-7f718d821000 rw-p 00000000 00:00 0 
7f718d821000-7f718d826000 r--s 00094000 08:06 14944080                   /home/andrew/java/jdk1.8.0_45/jre/lib/jsse.jar
7f718d826000-7f718d835000 r--s 0007b000 08:06 11016933                   /home/andrew/.m2/repository/org/springframework/security/spring-security-web/5.2.0.RELEASE/spring-security-web-5.2.0.RELEASE.jar
7f718d835000-7f718d841000 r--s 00061000 08:06 11016931                   /home/andrew/.m2/repository/org/springframework/security/spring-security-core/5.2.0.RELEASE/spring-security-core-5.2.0.RELEASE.jar
7f718d841000-7f718d84f000 r--s 000c4000 08:06 11016929                   /home/andrew/.m2/repository/org/springframework/security/spring-security-config/5.2.0.RELEASE/spring-security-config-5.2.0.RELEASE.jar
7f718d84f000-7f718d858000 r--s 00052000 08:06 7093764                    /home/andrew/.m2/repository/org/springframework/spring-aop/5.2.0.RELEASE/spring-aop-5.2.0.RELEASE.jar
7f718d858000-7f718d859000 r--s 00000000 08:06 7611878                    /home/andrew/.m2/repository/org/springframework/boot/spring-boot-starter-security/2.2.0.RELEASE/spring-boot-starter-security-2.2.0.RELEASE.jar
7f718d859000-7f718d85c000 r--s 0000e000 08:06 11145417                   /home/andrew/.m2/repository/com/fasterxml/jackson/core/jackson-annotations/2.10.0/jackson-annotations-2.10.0.jar
7f718d85c000-7f718d85e000 r--s 00002000 08:06 5647909                    /home/andrew/.m2/repository/org/atteo/evo-inflector/1.2.2/evo-inflector-1.2.2.jar
7f718d85e000-7f718d860000 r--s 00006000 08:06 11016861                   /home/andrew/.m2/repository/org/springframework/plugin/spring-plugin-core/2.0.0.RELEASE/spring-plugin-core-2.0.0.RELEASE.jar
7f718d860000-7f718d86b000 r--s 00072000 08:06 10755844                   /home/andrew/.m2/repository/org/springframework/hateoas/spring-hateoas/1.0.0.RELEASE/spring-hateoas-1.0.0.RELEASE.jar
7f718d86b000-7f718d870000 r--s 00020000 08:06 11016859                   /home/andrew/.m2/repository/org/springframework/data/spring-data-rest-core/3.2.0.RELEASE/spring-data-rest-core-3.2.0.RELEASE.jar
7f718d870000-7f718d877000 r--s 0004c000 08:06 11016857                   /home/andrew/.m2/repository/org/springframework/data/spring-data-rest-webmvc/3.2.0.RELEASE/spring-data-rest-webmvc-3.2.0.RELEASE.jar
7f718d877000-7f718d878000 r--s 00000000 08:06 10359920                   /home/andrew/.m2/repository/org/springframework/boot/spring-boot-starter-data-rest/2.2.0.RELEASE/spring-boot-starter-data-rest-2.2.0.RELEASE.jar
7f718d878000-7f718d88b000 r--s 00201000 08:06 11016494                   /home/andrew/.m2/repository/com/h2database/h2/1.4.199/h2-1.4.199.jar
7f718d88b000-7f718d88d000 r--s 0000a000 08:06 10101785                   /home/andrew/.m2/repository/org/springframework/spring-aspects/5.2.0.RELEASE/spring-aspects-5.2.0.RELEASE.jar
7f718d88d000-7f718d896000 r--s 00044000 08:06 9833227                    /home/andrew/.m2/repository/org/springframework/spring-tx/5.2.0.RELEASE/spring-tx-5.2.0.RELEASE.jar
7f718d896000-7f718d89b000 r--s 0002d000 08:06 9833252                    /home/andrew/.m2/repository/org/springframework/spring-orm/5.2.0.RELEASE/spring-orm-5.2.0.RELEASE.jar
7f718d89b000-7f718d8b4000 r--s 0010f000 08:06 11144729                   /home/andrew/.m2/repository/org/springframework/data/spring-data-commons/2.2.0.RELEASE/spring-data-commons-2.2.0.RELEASE.jar
7f718d8b4000-7f718d8bc000 r--s 00052000 08:06 10883328                   /home/andrew/.m2/repository/org/springframework/data/spring-data-jpa/2.2.0.RELEASE/spring-data-jpa-2.2.0.RELEASE.jar
7f718d8bc000-7f718d8c1000 r--s 00049000 08:06 10619960                   /home/andrew/.m2/repository/com/sun/xml/fastinfoset/FastInfoset/1.2.16/FastInfoset-1.2.16.jar
7f718d8c1000-7f718d8c3000 r--s 00008000 08:06 5516783                    /home/andrew/.m2/repository/org/jvnet/staxex/stax-ex/1.8.1/stax-ex-1.8.1.jar
7f718d8c3000-7f718d8c5000 r--s 00005000 08:06 10488698                   /home/andrew/.m2/repository/com/sun/istack/istack-commons-runtime/3.0.8/istack-commons-runtime-3.0.8.jar
7f718d8c5000-7f718d8c7000 r--s 00010000 08:06 11012674                   /home/andrew/.m2/repository/org/glassfish/jaxb/txw2/2.3.2/txw2-2.3.2.jar
7f718d8c7000-7f718d8dc000 r--s 000e3000 08:06 11012672                   /home/andrew/.m2/repository/org/glassfish/jaxb/jaxb-runtime/2.3.2/jaxb-runtime-2.3.2.jar
7f718d8dc000-7f718d8df000 r--s 00010000 08:06 11012670                   /home/andrew/.m2/repository/org/hibernate/common/hibernate-commons-annotations/5.1.0.Final/hibernate-commons-annotations-5.1.0.Final.jar
7f718d8df000-7f718d8e4000 r--s 0004b000 08:06 5516741                    /home/andrew/.m2/repository/org/dom4j/dom4j/2.1.1/dom4j-2.1.1.jar
7f718d8e4000-7f718d8e6000 r--s 0000f000 08:06 11145465                   /home/andrew/.m2/repository/com/fasterxml/classmate/1.5.0/classmate-1.5.0.jar
7f718d8e6000-7f718d8e9000 r--s 0002b000 08:06 11016453                   /home/andrew/.m2/repository/org/jboss/jandex/2.0.5.Final/jandex-2.0.5.Final.jar
7f718d8e9000-7f718d8ee000 r--s 00068000 08:06 5516739                    /home/andrew/.m2/repository/antlr/antlr/2.7.7/antlr-2.7.7.jar
7f718d8ee000-7f718d8f8000 r--s 000b4000 08:06 5379141                    /home/andrew/.m2/repository/org/javassist/javassist/3.24.0-GA/javassist-3.24.0-GA.jar
7f718d8f8000-7f718d8fa000 r--s 0000d000 08:06 11145463                   /home/andrew/.m2/repository/org/jboss/logging/jboss-logging/3.4.1.Final/jboss-logging-3.4.1.Final.jar
7f718d8fa000-7f718d97f000 r--s 0064d000 08:06 11012668                   /home/andrew/.m2/repository/org/hibernate/hibernate-core/5.4.6.Final/hibernate-core-5.4.6.Final.jar
7f718d97f000-7f718d980000 r--s 00003000 08:06 11147281                   /home/andrew/.m2/repository/jakarta/transaction/jakarta.transaction-api/1.3.3/jakarta.transaction-api-1.3.3.jar
7f718d980000-7f718d986000 r--s 00023000 08:06 11147279                   /home/andrew/.m2/repository/jakarta/persistence/jakarta.persistence-api/2.2.3/jakarta.persistence-api-2.2.3.jar
7f718d986000-7f718d988000 r--s 00009000 08:06 11144739                   /home/andrew/.m2/repository/jakarta/activation/jakarta.activation-api/1.2.1/jakarta.activation-api-1.2.1.jar
7f718d988000-7f718d992000 r--s 0005a000 08:06 10240604                   /home/andrew/.m2/repository/org/springframework/spring-jdbc/5.2.0.RELEASE/spring-jdbc-5.2.0.RELEASE.jar
7f718d992000-7f718d995000 r--s 00023000 08:06 10240602                   /home/andrew/.m2/repository/com/zaxxer/HikariCP/3.4.1/HikariCP-3.4.1.jar
7f718d995000-7f718d996000 r--s 00000000 08:06 10101783                   /home/andrew/.m2/repository/org/springframework/boot/spring-boot-starter-jdbc/2.2.0.RELEASE/spring-boot-starter-jdbc-2.2.0.RELEASE.jar
7f718d996000-7f718d9af000 r--s 001da000 08:06 5379248                    /home/andrew/.m2/repository/org/aspectj/aspectjweaver/1.9.4/aspectjweaver-1.9.4.jar
7f718d9af000-7f718d9b0000 r--s 00000000 08:06 10101781                   /home/andrew/.m2/repository/org/springframework/boot/spring-boot-starter-aop/2.2.0.RELEASE/spring-boot-starter-aop-2.2.0.RELEASE.jar
7f718d9b0000-7f718d9b1000 r--s 00000000 08:06 9577412                    /home/andrew/.m2/repository/org/springframework/boot/spring-boot-starter-data-jpa/2.2.0.RELEASE/spring-boot-starter-data-jpa-2.2.0.RELEASE.jar
7f718d9b1000-7f718d9b2000 r--s 00005000 08:06 11144759                   /home/andrew/.m2/repository/org/springframework/spring-jcl/5.2.0.RELEASE/spring-jcl-5.2.0.RELEASE.jar
7f718d9b2000-7f718d9cd000 r--s 00142000 08:06 6817232                    /home/andrew/.m2/repository/org/springframework/spring-core/5.2.0.RELEASE/spring-core-5.2.0.RELEASE.jar
7f718d9cd000-7f718da15000 r--s 002e9000 08:06 11144755                   /home/andrew/.m2/repository/net/bytebuddy/byte-buddy/1.10.1/byte-buddy-1.10.1.jar
7f718da15000-7f718da19000 r--s 00019000 08:06 11144737                   /home/andrew/.m2/repository/jakarta/xml/bind/jakarta.xml.bind-api/2.3.2/jakarta.xml.bind-api-2.3.2.jar
7f718da19000-7f718da1b000 r--s 00009000 08:06 9577349                    /home/andrew/.m2/repository/org/slf4j/slf4j-api/1.7.28/slf4j-api-1.7.28.jar
7f718da1b000-7f718da1d000 r--s 0000c000 08:06 11016508                   /home/andrew/.m2/repository/org/ow2/asm/asm/5.0.4/asm-5.0.4.jar
7f718da1d000-7f718da1f000 r--s 00006000 08:06 11016506                   /home/andrew/.m2/repository/net/minidev/accessors-smart/1.2/accessors-smart-1.2.jar
7f718da1f000-7f718da25000 r--s 00031000 08:06 11016502                   /home/andrew/.m2/repository/com/jayway/jsonpath/json-path/2.4.0/json-path-2.4.0.jar
7f718da25000-7f718da4c000 r--s 0012b000 08:06 11144715                   /home/andrew/.m2/repository/org/springframework/boot/spring-boot-autoconfigure/2.2.0.RELEASE/spring-boot-autoconfigure-2.2.0.RELEASE.jar
7f718da4c000-7f718da62000 r--s 000e7000 08:06 11144713                   /home/andrew/.m2/repository/org/springframework/boot/spring-boot/2.2.0.RELEASE/spring-boot-2.2.0.RELEASE.jar
7f718da62000-7f718da68000 r--s 00030000 08:06 11145700                   /home/andrew/.m2/repository/org/springframework/boot/spring-boot-devtools/2.2.0.RELEASE/spring-boot-devtools-2.2.0.RELEASE.jar
7f718da68000-7f718da6d000 r--s 00040000 08:06 7347601                    /home/andrew/.m2/repository/org/springframework/spring-expression/5.2.0.RELEASE/spring-expression-5.2.0.RELEASE.jar
7f718da6d000-7f718da88000 r--s 0010e000 08:06 6957391                    /home/andrew/.m2/repository/org/springframework/spring-context/5.2.0.RELEASE/spring-context-5.2.0.RELEASE.jar
7f718da88000-7f718da9a000 r--s 000d5000 08:06 6816821                    /home/andrew/.m2/repository/org/springframework/spring-webmvc/5.2.0.RELEASE/spring-webmvc-5.2.0.RELEASE.jar
7f718da9a000-7f718daa7000 r--s 0009b000 08:06 7211785                    /home/andrew/.m2/repository/org/springframework/spring-beans/5.2.0.RELEASE/spring-beans-5.2.0.RELEASE.jar
7f718daa7000-7f718dac3000 r--s 0013c000 08:06 11145467                   /home/andrew/.m2/repository/org/springframework/spring-web/5.2.0.RELEASE/spring-web-5.2.0.RELEASE.jar
7f718dac3000-7f718dae0000 r--s 000fe000 08:06 10883039                   /home/andrew/.m2/repository/org/hibernate/validator/hibernate-validator/6.0.17.Final/hibernate-validator-6.0.17.Final.jar
7f718dae0000-7f718dae5000 r--s 00012000 08:06 11145461                   /home/andrew/.m2/repository/jakarta/validation/jakarta.validation-api/2.0.1/jakarta.validation-api-2.0.1.jar
7f718dae5000-7f718db10000 r--s 0030b000 08:06 10755808                   /home/andrew/.m2/repository/org/apache/tomcat/embed/tomcat-embed-core/9.0.27/tomcat-embed-core-9.0.27.jar
7f718db10000-7f718db21000 r-xp 00000000 08:06 14944279                   /home/andrew/java/jdk1.8.0_45/jre/lib/amd64/libnio.so
7f718db21000-7f718dd20000 ---p 00011000 08:06 14944279                   /home/andrew/java/jdk1.8.0_45/jre/lib/amd64/libnio.so
7f718dd20000-7f718dd21000 rw-p 00010000 08:06 14944279                   /home/andrew/java/jdk1.8.0_45/jre/lib/amd64/libnio.so
7f718dd21000-7f718dd37000 r-xp 00000000 08:06 14944303                   /home/andrew/java/jdk1.8.0_45/jre/lib/amd64/libnet.so
7f718dd37000-7f718df37000 ---p 00016000 08:06 14944303                   /home/andrew/java/jdk1.8.0_45/jre/lib/amd64/libnet.so
7f718df37000-7f718df38000 rw-p 00016000 08:06 14944303                   /home/andrew/java/jdk1.8.0_45/jre/lib/amd64/libnet.so
7f718df38000-7f718df40000 r-xp 00000000 08:06 14944290                   /home/andrew/java/jdk1.8.0_45/jre/lib/amd64/libmanagement.so
7f718df40000-7f718e140000 ---p 00008000 08:06 14944290                   /home/andrew/java/jdk1.8.0_45/jre/lib/amd64/libmanagement.so
7f718e140000-7f718e141000 rw-p 00008000 08:06 14944290                   /home/andrew/java/jdk1.8.0_45/jre/lib/amd64/libmanagement.so
7f718e141000-7f718e144000 ---p 00000000 00:00 0 
7f718e144000-7f718e242000 rw-p 00000000 00:00 0 
7f718e242000-7f718e245000 ---p 00000000 00:00 0 
7f718e245000-7f718e343000 rw-p 00000000 00:00 0 
7f718e343000-7f718e346000 ---p 00000000 00:00 0 
7f718e346000-7f718e444000 rw-p 00000000 00:00 0 
7f718e444000-7f718e447000 ---p 00000000 00:00 0 
7f718e447000-7f718e545000 rw-p 00000000 00:00 0 
7f718e545000-7f718e548000 ---p 00000000 00:00 0 
7f718e548000-7f718e646000 rw-p 00000000 00:00 0 
7f718e646000-7f718e91e000 r--p 00000000 08:01 4197027                    /usr/lib/locale/locale-archive
7f718e91e000-7f718e921000 ---p 00000000 00:00 0 
7f718e921000-7f718ea1f000 rw-p 00000000 00:00 0 
7f718ea1f000-7f718ea22000 ---p 00000000 00:00 0 
7f718ea22000-7f718eb20000 rw-p 00000000 00:00 0 
7f718eb20000-7f718eb21000 ---p 00000000 00:00 0 
7f718eb21000-7f7194000000 rw-p 00000000 00:00 0 
7f7194000000-7f7194021000 rw-p 00000000 00:00 0 
7f7194021000-7f7198000000 ---p 00000000 00:00 0 
7f7198000000-7f7198021000 rw-p 00000000 00:00 0 
7f7198021000-7f719c000000 ---p 00000000 00:00 0 
7f719c000000-7f719c021000 rw-p 00000000 00:00 0 
7f719c021000-7f71a0000000 ---p 00000000 00:00 0 
7f71a0000000-7f71a0021000 rw-p 00000000 00:00 0 
7f71a0021000-7f71a4000000 ---p 00000000 00:00 0 
7f71a4000000-7f71a4003000 r--s 0001b000 08:06 11016504                   /home/andrew/.m2/repository/net/minidev/json-smart/2.3/json-smart-2.3.jar
7f71a4003000-7f71a4008000 r--s 0003c000 08:06 11012676                   /home/andrew/.m2/repository/org/apache/tomcat/embed/tomcat-embed-websocket/9.0.27/tomcat-embed-websocket-9.0.27.jar
7f71a4008000-7f71a400d000 r--s 0003a000 08:06 10883334                   /home/andrew/.m2/repository/org/apache/tomcat/embed/tomcat-embed-el/9.0.27/tomcat-embed-el-9.0.27.jar
7f71a400d000-7f71a400f000 r--s 00001000 08:06 11145425                   /home/andrew/.m2/repository/com/fasterxml/jackson/module/jackson-module-parameter-names/2.10.0/jackson-module-parameter-names-2.10.0.jar
7f71a400f000-7f71a4012000 r--s 00017000 08:06 11145423                   /home/andrew/.m2/repository/com/fasterxml/jackson/datatype/jackson-datatype-jsr310/2.10.0/jackson-datatype-jsr310-2.10.0.jar
7f71a4012000-7f71a4017000 r--s 00051000 08:06 11145419                   /home/andrew/.m2/repository/com/fasterxml/jackson/core/jackson-core/2.10.0/jackson-core-2.10.0.jar
7f71a4017000-7f71a402d000 r--s 00141000 08:06 11145415                   /home/andrew/.m2/repository/com/fasterxml/jackson/core/jackson-databind/2.10.0/jackson-databind-2.10.0.jar
7f71a402d000-7f71a4100000 rw-p 00000000 00:00 0 
7f71a4100000-7f71a42d9000 r--s 03d09000 08:06 14944082                   /home/andrew/java/jdk1.8.0_45/jre/lib/rt.jar
7f71a42d9000-7f71a46a6000 rw-p 00000000 00:00 0 
7f71a46a6000-7f71a46a7000 ---p 00000000 00:00 0 
7f71a46a7000-7f71a47a7000 rw-p 00000000 00:00 0 
7f71a47a7000-7f71a47a8000 ---p 00000000 00:00 0 
7f71a47a8000-7f71a48a8000 rw-p 00000000 00:00 0 
7f71a48a8000-7f71a48a9000 ---p 00000000 00:00 0 
7f71a48a9000-7f71a49c3000 rw-p 00000000 00:00 0 
7f71a49c3000-7f71a4c32000 ---p 00000000 00:00 0 
7f71a4c32000-7f71a4c4c000 rw-p 00000000 00:00 0 
7f71a4c4c000-7f71a4eba000 ---p 00000000 00:00 0 
7f71a4eba000-7f71a4efd000 rw-p 00000000 00:00 0 
7f71a4efd000-7f71a4fff000 ---p 00000000 00:00 0 
7f71a4fff000-7f71a5000000 rw-p 00000000 00:00 0 
7f71a5000000-7f71a54b0000 rwxp 00000000 00:00 0 
7f71a54b0000-7f71b4000000 ---p 00000000 00:00 0 
7f71b4000000-7f71b47f0000 rw-p 00000000 00:00 0 
7f71b47f0000-7f71b8000000 ---p 00000000 00:00 0 
7f71b8000000-7f71b8001000 r--s 00000000 08:06 11145459                   /home/andrew/.m2/repository/org/springframework/boot/spring-boot-starter-validation/2.2.0.RELEASE/spring-boot-starter-validation-2.2.0.RELEASE.jar
7f71b8001000-7f71b8008000 r--s 00044000 08:06 11144725                   /home/andrew/.m2/repository/org/yaml/snakeyaml/1.25/snakeyaml-1.25.jar
7f71b8008000-7f71b807e000 rw-p 00000000 00:00 0 
7f71b807e000-7f71b807f000 ---p 00000000 00:00 0 
7f71b807f000-7f71b8192000 rw-p 00000000 00:00 0 
7f71b8192000-7f71b853f000 ---p 00000000 00:00 0 
7f71b853f000-7f71b8559000 r-xp 00000000 08:06 14944284                   /home/andrew/java/jdk1.8.0_45/jre/lib/amd64/libzip.so
7f71b8559000-7f71b8759000 ---p 0001a000 08:06 14944284                   /home/andrew/java/jdk1.8.0_45/jre/lib/amd64/libzip.so
7f71b8759000-7f71b875a000 rw-p 0001a000 08:06 14944284                   /home/andrew/java/jdk1.8.0_45/jre/lib/amd64/libzip.so
7f71b875a000-7f71b8765000 r-xp 00000000 08:01 2621621                    /lib/x86_64-linux-gnu/libnss_files-2.23.so
7f71b8765000-7f71b8964000 ---p 0000b000 08:01 2621621                    /lib/x86_64-linux-gnu/libnss_files-2.23.so
7f71b8964000-7f71b8965000 r--p 0000a000 08:01 2621621                    /lib/x86_64-linux-gnu/libnss_files-2.23.so
7f71b8965000-7f71b8966000 rw-p 0000b000 08:01 2621621                    /lib/x86_64-linux-gnu/libnss_files-2.23.so
7f71b8966000-7f71b896c000 rw-p 00000000 00:00 0 
7f71b896c000-7f71b8977000 r-xp 00000000 08:01 2621614                    /lib/x86_64-linux-gnu/libnss_nis-2.23.so
7f71b8977000-7f71b8b76000 ---p 0000b000 08:01 2621614                    /lib/x86_64-linux-gnu/libnss_nis-2.23.so
7f71b8b76000-7f71b8b77000 r--p 0000a000 08:01 2621614                    /lib/x86_64-linux-gnu/libnss_nis-2.23.so
7f71b8b77000-7f71b8b78000 rw-p 0000b000 08:01 2621614                    /lib/x86_64-linux-gnu/libnss_nis-2.23.so
7f71b8b78000-7f71b8b8e000 r-xp 00000000 08:01 2621619                    /lib/x86_64-linux-gnu/libnsl-2.23.so
7f71b8b8e000-7f71b8d8d000 ---p 00016000 08:01 2621619                    /lib/x86_64-linux-gnu/libnsl-2.23.so
7f71b8d8d000-7f71b8d8e000 r--p 00015000 08:01 2621619                    /lib/x86_64-linux-gnu/libnsl-2.23.so
7f71b8d8e000-7f71b8d8f000 rw-p 00016000 08:01 2621619                    /lib/x86_64-linux-gnu/libnsl-2.23.so
7f71b8d8f000-7f71b8d91000 rw-p 00000000 00:00 0 
7f71b8d91000-7f71b8d99000 r-xp 00000000 08:01 2621625                    /lib/x86_64-linux-gnu/libnss_compat-2.23.so
7f71b8d99000-7f71b8f98000 ---p 00008000 08:01 2621625                    /lib/x86_64-linux-gnu/libnss_compat-2.23.so
7f71b8f98000-7f71b8f99000 r--p 00007000 08:01 2621625                    /lib/x86_64-linux-gnu/libnss_compat-2.23.so
7f71b8f99000-7f71b8f9a000 rw-p 00008000 08:01 2621625                    /lib/x86_64-linux-gnu/libnss_compat-2.23.so
7f71b8f9a000-7f71b8fc4000 r-xp 00000000 08:06 14944277                   /home/andrew/java/jdk1.8.0_45/jre/lib/amd64/libjava.so
7f71b8fc4000-7f71b91c4000 ---p 0002a000 08:06 14944277                   /home/andrew/java/jdk1.8.0_45/jre/lib/amd64/libjava.so
7f71b91c4000-7f71b91c6000 rw-p 0002a000 08:06 14944277                   /home/andrew/java/jdk1.8.0_45/jre/lib/amd64/libjava.so
7f71b91c6000-7f71b91d3000 r-xp 00000000 08:06 14944317                   /home/andrew/java/jdk1.8.0_45/jre/lib/amd64/libverify.so
7f71b91d3000-7f71b93d3000 ---p 0000d000 08:06 14944317                   /home/andrew/java/jdk1.8.0_45/jre/lib/amd64/libverify.so
7f71b93d3000-7f71b93d5000 rw-p 0000d000 08:06 14944317                   /home/andrew/java/jdk1.8.0_45/jre/lib/amd64/libverify.so
7f71b93d5000-7f71b93dc000 r-xp 00000000 08:01 2621522                    /lib/x86_64-linux-gnu/librt-2.23.so
7f71b93dc000-7f71b95db000 ---p 00007000 08:01 2621522                    /lib/x86_64-linux-gnu/librt-2.23.so
7f71b95db000-7f71b95dc000 r--p 00006000 08:01 2621522                    /lib/x86_64-linux-gnu/librt-2.23.so
7f71b95dc000-7f71b95dd000 rw-p 00007000 08:01 2621522                    /lib/x86_64-linux-gnu/librt-2.23.so
7f71b95dd000-7f71b96e5000 r-xp 00000000 08:01 2621627                    /lib/x86_64-linux-gnu/libm-2.23.so
7f71b96e5000-7f71b98e4000 ---p 00108000 08:01 2621627                    /lib/x86_64-linux-gnu/libm-2.23.so
7f71b98e4000-7f71b98e5000 r--p 00107000 08:01 2621627                    /lib/x86_64-linux-gnu/libm-2.23.so
7f71b98e5000-7f71b98e6000 rw-p 00108000 08:01 2621627                    /lib/x86_64-linux-gnu/libm-2.23.so
7f71b98e6000-7f71ba594000 r-xp 00000000 08:06 14944336                   /home/andrew/java/jdk1.8.0_45/jre/lib/amd64/server/libjvm.so
7f71ba594000-7f71ba793000 ---p 00cae000 08:06 14944336                   /home/andrew/java/jdk1.8.0_45/jre/lib/amd64/server/libjvm.so
7f71ba793000-7f71ba86a000 rw-p 00cad000 08:06 14944336                   /home/andrew/java/jdk1.8.0_45/jre/lib/amd64/server/libjvm.so
7f71ba86a000-7f71ba8ae000 rw-p 00000000 00:00 0 
7f71ba8ae000-7f71baa6e000 r-xp 00000000 08:01 2621624                    /lib/x86_64-linux-gnu/libc-2.23.so
7f71baa6e000-7f71bac6e000 ---p 001c0000 08:01 2621624                    /lib/x86_64-linux-gnu/libc-2.23.so
7f71bac6e000-7f71bac72000 r--p 001c0000 08:01 2621624                    /lib/x86_64-linux-gnu/libc-2.23.so
7f71bac72000-7f71bac74000 rw-p 001c4000 08:01 2621624                    /lib/x86_64-linux-gnu/libc-2.23.so
7f71bac74000-7f71bac78000 rw-p 00000000 00:00 0 
7f71bac78000-7f71bac7b000 r-xp 00000000 08:01 2621609                    /lib/x86_64-linux-gnu/libdl-2.23.so
7f71bac7b000-7f71bae7a000 ---p 00003000 08:01 2621609                    /lib/x86_64-linux-gnu/libdl-2.23.so
7f71bae7a000-7f71bae7b000 r--p 00002000 08:01 2621609                    /lib/x86_64-linux-gnu/libdl-2.23.so
7f71bae7b000-7f71bae7c000 rw-p 00003000 08:01 2621609                    /lib/x86_64-linux-gnu/libdl-2.23.so
7f71bae7c000-7f71bae91000 r-xp 00000000 08:06 14944600                   /home/andrew/java/jdk1.8.0_45/lib/amd64/jli/libjli.so
7f71bae91000-7f71bb091000 ---p 00015000 08:06 14944600                   /home/andrew/java/jdk1.8.0_45/lib/amd64/jli/libjli.so
7f71bb091000-7f71bb092000 rw-p 00015000 08:06 14944600                   /home/andrew/java/jdk1.8.0_45/lib/amd64/jli/libjli.so
7f71bb092000-7f71bb0aa000 r-xp 00000000 08:01 2621611                    /lib/x86_64-linux-gnu/libpthread-2.23.so
7f71bb0aa000-7f71bb2a9000 ---p 00018000 08:01 2621611                    /lib/x86_64-linux-gnu/libpthread-2.23.so
7f71bb2a9000-7f71bb2aa000 r--p 00017000 08:01 2621611                    /lib/x86_64-linux-gnu/libpthread-2.23.so
7f71bb2aa000-7f71bb2ab000 rw-p 00018000 08:01 2621611                    /lib/x86_64-linux-gnu/libpthread-2.23.so
7f71bb2ab000-7f71bb2af000 rw-p 00000000 00:00 0 
7f71bb2af000-7f71bb2d5000 r-xp 00000000 08:01 2621610                    /lib/x86_64-linux-gnu/ld-2.23.so
7f71bb2d5000-7f71bb2d6000 r--s 00000000 08:06 10883332                   /home/andrew/.m2/repository/org/springframework/boot/spring-boot-starter-tomcat/2.2.0.RELEASE/spring-boot-starter-tomcat-2.2.0.RELEASE.jar
7f71bb2d6000-7f71bb2d8000 r--s 00007000 08:06 11145421                   /home/andrew/.m2/repository/com/fasterxml/jackson/datatype/jackson-datatype-jdk8/2.10.0/jackson-datatype-jdk8-2.10.0.jar
7f71bb2d8000-7f71bb2d9000 r--s 00000000 08:06 11145413                   /home/andrew/.m2/repository/org/springframework/boot/spring-boot-starter-json/2.2.0.RELEASE/spring-boot-starter-json-2.2.0.RELEASE.jar
7f71bb2d9000-7f71bb2db000 r--s 00005000 08:06 11144723                   /home/andrew/.m2/repository/jakarta/annotation/jakarta.annotation-api/1.3.5/jakarta.annotation-api-1.3.5.jar
7f71bb2db000-7f71bb2e6000 r--s 00069000 08:06 10883001                   /home/andrew/.m2/repository/ch/qos/logback/logback-core/1.2.3/logback-core-1.2.3.jar
7f71bb2e6000-7f71bb3b1000 rw-p 00000000 00:00 0 
7f71bb3b1000-7f71bb3b4000 ---p 00000000 00:00 0 
7f71bb3b4000-7f71bb4b7000 rw-p 00000000 00:00 0 
7f71bb4b7000-7f71bb4b9000 r--s 00000000 08:06 11016484                   /home/andrew/.m2/repository/org/slf4j/jul-to-slf4j/1.7.28/jul-to-slf4j-1.7.28.jar
7f71bb4b9000-7f71bb4bf000 r--s 0003e000 08:06 11144721                   /home/andrew/.m2/repository/org/apache/logging/log4j/log4j-api/2.12.1/log4j-api-2.12.1.jar
7f71bb4bf000-7f71bb4c1000 r--s 00003000 08:06 11144719                   /home/andrew/.m2/repository/org/apache/logging/log4j/log4j-to-slf4j/2.12.1/log4j-to-slf4j-2.12.1.jar
7f71bb4c1000-7f71bb4c7000 r--s 00041000 08:06 10882998                   /home/andrew/.m2/repository/ch/qos/logback/logback-classic/1.2.3/logback-classic-1.2.3.jar
7f71bb4c7000-7f71bb4c8000 r--s 00000000 08:06 11144717                   /home/andrew/.m2/repository/org/springframework/boot/spring-boot-starter-logging/2.2.0.RELEASE/spring-boot-starter-logging-2.2.0.RELEASE.jar
7f71bb4c8000-7f71bb4c9000 r--s 00000000 08:06 11144711                   /home/andrew/.m2/repository/org/springframework/boot/spring-boot-starter/2.2.0.RELEASE/spring-boot-starter-2.2.0.RELEASE.jar
7f71bb4c9000-7f71bb4ca000 r--s 00000000 08:06 10883330                   /home/andrew/.m2/repository/org/springframework/boot/spring-boot-starter-web/2.2.0.RELEASE/spring-boot-starter-web-2.2.0.RELEASE.jar
7f71bb4ca000-7f71bb4d2000 rw-s 00000000 08:01 4065135                    /tmp/hsperfdata_andrew/26719
7f71bb4d2000-7f71bb4d3000 rw-p 00000000 00:00 0 
7f71bb4d3000-7f71bb4d4000 ---p 00000000 00:00 0 
7f71bb4d4000-7f71bb4d5000 r--p 00025000 08:01 2621610                    /lib/x86_64-linux-gnu/ld-2.23.so
7f71bb4d5000-7f71bb4d6000 rw-p 00026000 08:01 2621610                    /lib/x86_64-linux-gnu/ld-2.23.so
7f71bb4d6000-7f71bb4d7000 rw-p 00000000 00:00 0 
7ffd3b5bf000-7ffd3b5e2000 rw-p 00000000 00:00 0                          [stack]
7ffd3b5fc000-7ffd3b5fe000 r--p 00000000 00:00 0                          [vvar]
7ffd3b5fe000-7ffd3b600000 r-xp 00000000 00:00 0                          [vdso]
ffffffffff600000-ffffffffff601000 r-xp 00000000 00:00 0                  [vsyscall]

VM Arguments:
jvm_args: -Dcom.sun.management.jmxremote -Dcom.sun.management.jmxremote.port=43846 -Dcom.sun.management.jmxremote.authenticate=false -Dcom.sun.management.jmxremote.ssl=false -Djava.rmi.server.hostname=localhost -Dspring.jmx.enabled=true -Dspring.application.admin.enabled=true -Djava.security.egd=file:/dev/./urandom -Xverify:none -XX:TieredStopAtLevel=1 -Dspring.boot.project.name=cardatabase -Dfile.encoding=UTF-8 
java_command: com.packt.cardatabase.CardatabaseApplication --spring.output.ansi.enabled=always
java_class_path (initial): /home/andrew/Documents/workspace-spring-tool-suite-4-4.4.0.RELEASE/cardatabase/target/classes:/home/andrew/.m2/repository/org/springframework/boot/spring-boot-starter-web/2.2.0.RELEASE/spring-boot-starter-web-2.2.0.RELEASE.jar:/home/andrew/.m2/repository/org/springframework/boot/spring-boot-starter/2.2.0.RELEASE/spring-boot-starter-2.2.0.RELEASE.jar:/home/andrew/.m2/repository/org/springframework/boot/spring-boot-starter-logging/2.2.0.RELEASE/spring-boot-starter-logging-2.2.0.RELEASE.jar:/home/andrew/.m2/repository/ch/qos/logback/logback-classic/1.2.3/logback-classic-1.2.3.jar:/home/andrew/.m2/repository/ch/qos/logback/logback-core/1.2.3/logback-core-1.2.3.jar:/home/andrew/.m2/repository/org/apache/logging/log4j/log4j-to-slf4j/2.12.1/log4j-to-slf4j-2.12.1.jar:/home/andrew/.m2/repository/org/apache/logging/log4j/log4j-api/2.12.1/log4j-api-2.12.1.jar:/home/andrew/.m2/repository/org/slf4j/jul-to-slf4j/1.7.28/jul-to-slf4j-1.7.28.jar:/home/andrew/.m2/repository/jakarta/annotation/jakarta.annotation-api/1.3.5/jakarta.annotation-api-1.3.5.jar:/home/andrew/.m2/repository/org/yaml/snakeyaml/1.25/snakeyaml-1.25.jar:/home/andrew/.m2/repository/org/springframework/boot/spring-boot-starter-json/2.2.0.RELEASE/spring-boot-starter-json-2.2.0.RELEASE.jar:/home/andrew/.m2/repository/com/fasterxml/jackson/core/jackson-databind/2.10.0/jackson-databind-2.10.0.jar:/home/andrew/.m2/repository/com/fasterxml/jackson/core/jackson-core/2.10.0/jackson-core-2.10.0.jar:/home/andrew/.m2/repository/com/fasterxml/jackson/datatype/jackson-datatype-jdk8/2.10.0/jackson-datatype-jdk8-2.10.0.jar:/home/andrew/.m2/repository/com/fasterxml/jackson/datatype/jackson-datatype-jsr310/2.10.0/jackson-datatype-jsr310-2.10.0.jar:/home/andrew/.m2/repository/com/fasterxml/jackson/module/jackson-module-parameter-names/2.10.0/jackson-module-parameter-names-2.10.0.jar:/home/andrew/.m2/repository/org/springframework/boot/spring-boot-starter-tomcat/2.2.0.RELEASE/spring-boot-starter-tomcat-2.2
Launcher Type: SUN_STANDARD

Environment Variables:
PATH=/home/andrew/java/jdk1.8.0_45/bin:/home/andrew/bin:/usr/local/sbin:/usr/local/bin:/usr/sbin:/usr/bin:/sbin:/bin:/usr/games:/usr/local/games:/snap/bin:/home/andrew/.dotnet/tools
SHELL=/bin/bash
DISPLAY=:0

Signal Handlers:
SIGSEGV: [libjvm.so+0xaad1e0], sa_mask[0]=11111111011111111101111111111110, sa_flags=SA_RESTART|SA_SIGINFO
SIGBUS: [libjvm.so+0xaad1e0], sa_mask[0]=11111111011111111101111111111110, sa_flags=SA_RESTART|SA_SIGINFO
SIGFPE: [libjvm.so+0x90b450], sa_mask[0]=11111111011111111101111111111110, sa_flags=SA_RESTART|SA_SIGINFO
SIGPIPE: [libjvm.so+0x90b450], sa_mask[0]=11111111011111111101111111111110, sa_flags=SA_RESTART|SA_SIGINFO
SIGXFSZ: [libjvm.so+0x90b450], sa_mask[0]=11111111011111111101111111111110, sa_flags=SA_RESTART|SA_SIGINFO
SIGILL: [libjvm.so+0x90b450], sa_mask[0]=11111111011111111101111111111110, sa_flags=SA_RESTART|SA_SIGINFO
SIGUSR1: SIG_DFL, sa_mask[0]=00000000000000000000000000000000, sa_flags=none
SIGUSR2: [libjvm.so+0x90ca90], sa_mask[0]=00100000000000000000000000000000, sa_flags=SA_RESTART|SA_SIGINFO
SIGHUP: [libjvm.so+0x90dde0], sa_mask[0]=11111111011111111101111111111110, sa_flags=SA_RESTART|SA_SIGINFO
SIGINT: [libjvm.so+0x90dde0], sa_mask[0]=11111111011111111101111111111110, sa_flags=SA_RESTART|SA_SIGINFO
SIGTERM: [libjvm.so+0x90dde0], sa_mask[0]=11111111011111111101111111111110, sa_flags=SA_RESTART|SA_SIGINFO
SIGQUIT: [libjvm.so+0x90dde0], sa_mask[0]=11111111011111111101111111111110, sa_flags=SA_RESTART|SA_SIGINFO


---------------  S Y S T E M  ---------------

OS:DISTRIB_ID=Ubuntu
DISTRIB_RELEASE=16.04
DISTRIB_CODENAME=xenial
DISTRIB_DESCRIPTION="Ubuntu 16.04.6 LTS"

uname:Linux 4.4.0-166-generic #195-Ubuntu SMP Tue Oct 1 09:35:25 UTC 2019 x86_64
libc:glibc 2.23 NPTL 2.23 
rlimit: STACK 8192k, CORE 0k, NPROC 30960, NOFILE 1048576, AS infinity
load average:1.03 0.85 0.83

/proc/meminfo:
MemTotal:        7968976 kB
MemFree:          415864 kB
MemAvailable:     800448 kB
Buffers:           59924 kB
Cached:          1062692 kB
SwapCached:        23236 kB
Active:          5628708 kB
Inactive:        1502224 kB
Active(anon):    5309924 kB
Inactive(anon):  1285916 kB
Active(file):     318784 kB
Inactive(file):   216308 kB
Unevictable:         400 kB
Mlocked:             400 kB
SwapTotal:      19530748 kB
SwapFree:       18263884 kB
Dirty:               328 kB
Writeback:             0 kB
AnonPages:       5995752 kB
Mapped:           508316 kB
Shmem:            587520 kB
Slab:             201912 kB
SReclaimable:     142980 kB
SUnreclaim:        58932 kB
KernelStack:       19296 kB
PageTables:        99704 kB
NFS_Unstable:          0 kB
Bounce:                0 kB
WritebackTmp:          0 kB
CommitLimit:    23515236 kB
Committed_AS:   17626552 kB
VmallocTotal:   34359738367 kB
VmallocUsed:           0 kB
VmallocChunk:          0 kB
HardwareCorrupted:     0 kB
AnonHugePages:         0 kB
CmaTotal:              0 kB
CmaFree:               0 kB
HugePages_Total:       0
HugePages_Free:        0
HugePages_Rsvd:        0
HugePages_Surp:        0
Hugepagesize:       2048 kB
DirectMap4k:      320496 kB
DirectMap2M:     7862272 kB


CPU:total 4 (2 cores per cpu, 2 threads per core) family 6 model 37 stepping 5, cmov, cx8, fxsr, mmx, sse, sse2, sse3, ssse3, sse4.1, sse4.2, popcnt, ht, tsc, tscinvbit

/proc/cpuinfo:
processor	: 0
vendor_id	: GenuineIntel
cpu family	: 6
model		: 37
model name	: Intel(R) Core(TM) i5 CPU       M 460  @ 2.53GHz
stepping	: 5
microcode	: 0x7
cpu MHz		: 2528.000
cache size	: 3072 KB
physical id	: 0
siblings	: 4
core id		: 0
cpu cores	: 2
apicid		: 0
initial apicid	: 0
fpu		: yes
fpu_exception	: yes
cpuid level	: 11
wp		: yes
flags		: fpu vme de pse tsc msr pae mce cx8 apic sep mtrr pge mca cmov pat pse36 clflush dts acpi mmx fxsr sse sse2 ss ht tm pbe syscall nx rdtscp lm constant_tsc arch_perfmon pebs bts rep_good nopl xtopology nonstop_tsc aperfmperf pni dtes64 monitor ds_cpl vmx est tm2 ssse3 cx16 xtpr pdcm pcid sse4_1 sse4_2 popcnt lahf_lm ssbd ibrs ibpb stibp kaiser tpr_shadow vnmi flexpriority ept vpid dtherm ida arat flush_l1d
bugs		: cpu_meltdown spectre_v1 spectre_v2 spec_store_bypass l1tf mds swapgs
bogomips	: 5053.98
clflush size	: 64
cache_alignment	: 64
address sizes	: 36 bits physical, 48 bits virtual
power management:

processor	: 1
vendor_id	: GenuineIntel
cpu family	: 6
model		: 37
model name	: Intel(R) Core(TM) i5 CPU       M 460  @ 2.53GHz
stepping	: 5
microcode	: 0x7
cpu MHz		: 2261.000
cache size	: 3072 KB
physical id	: 0
siblings	: 4
core id		: 2
cpu cores	: 2
apicid		: 4
initial apicid	: 4
fpu		: yes
fpu_exception	: yes
cpuid level	: 11
wp		: yes
flags		: fpu vme de pse tsc msr pae mce cx8 apic sep mtrr pge mca cmov pat pse36 clflush dts acpi mmx fxsr sse sse2 ss ht tm pbe syscall nx rdtscp lm constant_tsc arch_perfmon pebs bts rep_good nopl xtopology nonstop_tsc aperfmperf pni dtes64 monitor ds_cpl vmx est tm2 ssse3 cx16 xtpr pdcm pcid sse4_1 sse4_2 popcnt lahf_lm ssbd ibrs ibpb stibp kaiser tpr_shadow vnmi flexpriority ept vpid dtherm ida arat flush_l1d
bugs		: cpu_meltdown spectre_v1 spectre_v2 spec_store_bypass l1tf mds swapgs
bogomips	: 5053.98
clflush size	: 64
cache_alignment	: 64
address sizes	: 36 bits physical, 48 bits virtual
power management:

processor	: 2
vendor_id	: GenuineIntel
cpu family	: 6
model		: 37
model name	: Intel(R) Core(TM) i5 CPU       M 460  @ 2.53GHz
stepping	: 5
microcode	: 0x7
cpu MHz		: 2528.000
cache size	: 3072 KB
physical id	: 0
siblings	: 4
core id		: 0
cpu cores	: 2
apicid		: 1
initial apicid	: 1
fpu		: yes
fpu_exception	: yes
cpuid level	: 11
wp		: yes
flags		: fpu vme de pse tsc msr pae mce cx8 apic sep mtrr pge mca cmov pat pse36 clflush dts acpi mmx fxsr sse sse2 ss ht tm pbe syscall nx rdtscp lm constant_tsc arch_perfmon pebs bts rep_good nopl xtopology nonstop_tsc aperfmperf pni dtes64 monitor ds_cpl vmx est tm2 ssse3 cx16 xtpr pdcm pcid sse4_1 sse4_2 popcnt lahf_lm ssbd ibrs ibpb stibp kaiser tpr_shadow vnmi flexpriority ept vpid dtherm ida arat flush_l1d
bugs		: cpu_meltdown spectre_v1 spectre_v2 spec_store_bypass l1tf mds swapgs
bogomips	: 5053.98
clflush size	: 64
cache_alignment	: 64
address sizes	: 36 bits physical, 48 bits virtual
power management:

processor	: 3
vendor_id	: GenuineIntel
cpu family	: 6
model		: 37
model name	: Intel(R) Core(TM) i5 CPU       M 460  @ 2.53GHz
stepping	: 5
microcode	: 0x7
cpu MHz		: 2528.000
cache size	: 3072 KB
physical id	: 0
siblings	: 4
core id		: 2
cpu cores	: 2
apicid		: 5
initial apicid	: 5
fpu		: yes
fpu_exception	: yes
cpuid level	: 11
wp		: yes
flags		: fpu vme de pse tsc msr pae mce cx8 apic sep mtrr pge mca cmov pat pse36 clflush dts acpi mmx fxsr sse sse2 ss ht tm pbe syscall nx rdtscp lm constant_tsc arch_perfmon pebs bts rep_good nopl xtopology nonstop_tsc aperfmperf pni dtes64 monitor ds_cpl vmx est tm2 ssse3 cx16 xtpr pdcm pcid sse4_1 sse4_2 popcnt lahf_lm ssbd ibrs ibpb stibp kaiser tpr_shadow vnmi flexpriority ept vpid dtherm ida arat flush_l1d
bugs		: cpu_meltdown spectre_v1 spectre_v2 spec_store_bypass l1tf mds swapgs
bogomips	: 5053.98
clflush size	: 64
cache_alignment	: 64
address sizes	: 36 bits physical, 48 bits virtual
power management:



Memory: 4k page, physical 7968976k(415864k free), swap 19530748k(18263884k free)

vm_info: Java HotSpot(TM) 64-Bit Server VM (25.45-b02) for linux-amd64 JRE (1.8.0_45-b14), built on Apr 10 2015 10:07:45 by "java_re" with gcc 4.3.0 20080428 (Red Hat 4.3.0-8)

time: Sun Oct 27 11:43:01 2019
elapsed time: 2 seconds (0d 0h 0m 2s)

