#
# A fatal error has been detected by the Java Runtime Environment:
#
#  SIGSEGV (0xb) at pc=0x00007fc98101eea0, pid=25820, tid=140503817545472
#
# JRE version: Java(TM) SE Runtime Environment (8.0_45-b14) (build 1.8.0_45-b14)
# Java VM: Java HotSpot(TM) 64-Bit Server VM (25.45-b02 mixed mode linux-amd64 compressed oops)
# Problematic frame:
# 
[error occurred during error reporting (printing problematic frame), id 0xb]

# Failed to write core dump. Core dumps have been disabled. To enable core dumping, try "ulimit -c unlimited" before starting Java again
#
# If you would like to submit a bug report, please visit:
#   http://bugreport.java.com/bugreport/crash.jsp
#

---------------  T H R E A D  ---------------

Current thread (0x00007fc99000e800):  JavaThread "main" [_thread_in_Java, id=25822, stack(0x00007fc998126000,0x00007fc998227000)]

siginfo: si_signo: 11 (SIGSEGV), si_code: 1 (SEGV_MAPERR), si_addr: 0x0000000000001650

Registers:
RAX=0x00000000d83e67f8, RBX=0x00000000000000b6, RCX=0x0000000000000000, RDX=0x00000000000002c8
RSP=0x00007fc998223178, RBP=0x00007fc9982231c0, RSI=0x00007fc9982231b0, RDI=0x00000000d8ca2590
R8 =0x00000000d8ca1310, R9 =0x00000000d8ca2558, R10=0x00007fc9975fe2e0, R11=0x00007fc9811b45c0
R12=0x0000000000000000, R13=0x00007fc980f60f97, R14=0x00007fc998223200, R15=0x00007fc99000e800
RIP=0x00007fc98101eea0, EFLAGS=0x0000000000010202, CSGSFS=0x0000000000000033, ERR=0x0000000000000004
  TRAPNO=0x000000000000000e

Top of Stack: (sp=0x00007fc998223178)
0x00007fc998223178:   00000000d83e67f8 00007fc998223180
0x00007fc998223188:   00007fc980f60f97 00007fc998223200
0x00007fc998223198:   0000000000000000 0000000000000000
0x00007fc9982231a8:   00007fc980f61058 0000000000000000
0x00007fc9982231b8:   00007fc998223200 00007fc998223248
0x00007fc9982231c8:   00007fc981007420 0000000000000000
0x00007fc9982231d8:   0000000000000000 0000000000000000
0x00007fc9982231e8:   0000000000000000 0000000000000000
0x00007fc9982231f8:   0000000000000000 00000000d83e67f8
0x00007fc998223208:   00007fc998223208 00007fc980f60abc
0x00007fc998223218:   00007fc998223280 00007fc980f630d0
0x00007fc998223228:   0000000000000000 00007fc980f60b40
0x00007fc998223238:   00007fc998223200 00007fc998223280
0x00007fc998223248:   00007fc9982232d0 00007fc9810079d0
0x00007fc998223258:   00000000d83e67f8 00000000d83eacc0
0x00007fc998223268:   00000000d8ca0c58 0000000000000003
0x00007fc998223278:   00000000d8ca0c58 00000000d8ca1010
0x00007fc998223288:   00000000d8ca1010 00007fc998223290
0x00007fc998223298:   00007fc980f60896 00007fc9982232f0
0x00007fc9982232a8:   00007fc980f630d0 0000000000000000
0x00007fc9982232b8:   00007fc980f608a8 00007fc998223280
0x00007fc9982232c8:   00007fc9982232e8 00007fc998223340
0x00007fc9982232d8:   00007fc9810079d0 00000000d8ca1010
0x00007fc9982232e8:   00000000d8ca08d8 00000000d8ca0ee0
0x00007fc9982232f8:   00000000d8ca0ee0 00007fc998223300
0x00007fc998223308:   00007fc980862c89 00007fc998223360
0x00007fc998223318:   00007fc980f43e40 0000000000000000
0x00007fc998223328:   00007fc980862cd8 00007fc9982232e8
0x00007fc998223338:   00007fc998223360 00007fc9982233a8
0x00007fc998223348:   00007fc9810079d0 0000000000000000
0x00007fc998223358:   00000000d8ca08d8 00000000d8ca0ee0
0x00007fc998223368:   00007fc998223368 00007fc980851636 

Instructions: (pc=0x00007fc98101eea0)
0x00007fc98101ee80:   00 00 48 83 ec 10 48 89 04 24 e9 01 00 00 00 50
0x00007fc98101ee90:   4c 89 6d c8 41 0f b7 55 01 48 8b 4d d8 c1 e2 02
0x00007fc98101eea0:   8b 5c d1 10 c1 eb 18 81 e3 ff 00 00 00 81 fb b6
0x00007fc98101eeb0:   00 00 00 0f 84 99 00 00 00 bb b6 00 00 00 e8 05 

Register to memory mapping:

RAX=0x00000000d83e67f8 is an oop
java.lang.invoke.MemberName 
 - klass: 'java/lang/invoke/MemberName'
RBX=0x00000000000000b6 is an unknown value
RCX=0x0000000000000000 is an unknown value
RDX=0x00000000000002c8 is an unknown value
RSP=0x00007fc998223178 is pointing into the stack for thread: 0x00007fc99000e800
RBP=0x00007fc9982231c0 is pointing into the stack for thread: 0x00007fc99000e800
RSI=0x00007fc9982231b0 is pointing into the stack for thread: 0x00007fc99000e800
RDI=0x00000000d8ca2590 is an oop
jdk.internal.org.objectweb.asm.AnnotationWriter 
 - klass: 'jdk/internal/org/objectweb/asm/AnnotationWriter'
R8 =0x00000000d8ca1310 is an oop
jdk.internal.org.objectweb.asm.ClassWriter 
 - klass: 'jdk/internal/org/objectweb/asm/ClassWriter'
R9 =0x00000000d8ca2558 is an oop
jdk.internal.org.objectweb.asm.Item 
 - klass: 'jdk/internal/org/objectweb/asm/Item'
R10=0x00007fc9975fe2e0: <offset 0xfa32e0> in /home/andrew/java/jdk1.8.0_45/jre/lib/amd64/server/libjvm.so at 0x00007fc99665b000
R11=0x00007fc9811b45c0 is at entry_point+32 in (nmethod*)0x00007fc9811b4450
R12=0x0000000000000000 is an unknown value
R13=0x00007fc980f60f97 is pointing into metadata
R14=0x00007fc998223200 is pointing into the stack for thread: 0x00007fc99000e800
R15=0x00007fc99000e800 is a thread


Stack: [0x00007fc998126000,0x00007fc998227000],  sp=0x00007fc998223178,  free space=1012k
Native frames: (J=compiled Java code, j=interpreted, Vv=VM code, C=native code)

[error occurred during error reporting (printing native stack), id 0xb]


---------------  P R O C E S S  ---------------

Java Threads: ( => current thread )
  0x00007fc92c003800 JavaThread "JMX server connection timeout 16" daemon [_thread_blocked, id=25846, stack(0x00007fc969b66000,0x00007fc969c67000)]
  0x00007fc940001000 JavaThread "RMI TCP Connection(2)-127.0.0.1" daemon [_thread_in_native, id=25845, stack(0x00007fc969c67000,0x00007fc969d68000)]
  0x00007fc93400d800 JavaThread "RMI Scheduler(0)" daemon [_thread_blocked, id=25844, stack(0x00007fc969d68000,0x00007fc969e69000)]
  0x00007fc938001000 JavaThread "RMI TCP Connection(1)-127.0.0.1" daemon [_thread_in_native, id=25842, stack(0x00007fc96a069000,0x00007fc96a16a000)]
  0x00007fc990537000 JavaThread "RMI TCP Accept-0" daemon [_thread_in_native, id=25840, stack(0x00007fc96a26c000,0x00007fc96a36d000)]
  0x00007fc990514800 JavaThread "RMI TCP Accept-45752" daemon [_thread_in_native, id=25839, stack(0x00007fc96a394000,0x00007fc96a495000)]
  0x00007fc9904fc000 JavaThread "RMI TCP Accept-0" daemon [_thread_in_native, id=25838, stack(0x00007fc96a495000,0x00007fc96a596000)]
  0x00007fc9900c5000 JavaThread "Service Thread" daemon [_thread_blocked, id=25837, stack(0x00007fc96aed8000,0x00007fc96afd9000)]
  0x00007fc9900bf800 JavaThread "C1 CompilerThread2" daemon [_thread_blocked, id=25836, stack(0x00007fc96afd9000,0x00007fc96b0da000)]
  0x00007fc9900be000 JavaThread "C2 CompilerThread1" daemon [_thread_blocked, id=25835, stack(0x00007fc96b0da000,0x00007fc96b1db000)]
  0x00007fc9900bb000 JavaThread "C2 CompilerThread0" daemon [_thread_blocked, id=25834, stack(0x00007fc96b1db000,0x00007fc96b2dc000)]
  0x00007fc9900b9800 JavaThread "Signal Dispatcher" daemon [_thread_blocked, id=25833, stack(0x00007fc96b2dc000,0x00007fc96b3dd000)]
  0x00007fc990083800 JavaThread "Finalizer" daemon [_thread_blocked, id=25832, stack(0x00007fc96b6b5000,0x00007fc96b7b6000)]
  0x00007fc990081000 JavaThread "Reference Handler" daemon [_thread_blocked, id=25831, stack(0x00007fc96b7b6000,0x00007fc96b8b7000)]
=>0x00007fc99000e800 JavaThread "main" [_thread_in_Java, id=25822, stack(0x00007fc998126000,0x00007fc998227000)]

Other Threads:
  0x00007fc99007c000 VMThread [stack: 0x00007fc96b8b7000,0x00007fc96b9b8000] [id=25830]
  0x00007fc99053a000 WatcherThread [stack: 0x00007fc96a16b000,0x00007fc96a26c000] [id=25841]

VM state:not at safepoint (normal execution)

VM Mutex/Monitor currently owned by a thread: None

Heap:
 PSYoungGen      total 36352K, used 21893K [0x00000000d7780000, 0x00000000da000000, 0x0000000100000000)
  eden space 31232K, 70% used [0x00000000d7780000,0x00000000d8ce1540,0x00000000d9600000)
  from space 5120K, 0% used [0x00000000d9b00000,0x00000000d9b00000,0x00000000da000000)
  to   space 5120K, 0% used [0x00000000d9600000,0x00000000d9600000,0x00000000d9b00000)
 ParOldGen       total 83456K, used 0K [0x0000000086600000, 0x000000008b780000, 0x00000000d7780000)
  object space 83456K, 0% used [0x0000000086600000,0x0000000086600000,0x000000008b780000)
 Metaspace       used 9914K, capacity 10096K, committed 10368K, reserved 1058816K
  class space    used 1202K, capacity 1282K, committed 1408K, reserved 1048576K

Card table byte_map: [0x00007fc994b26000,0x00007fc994ef4000] byte_map_base: 0x00007fc9946f3000

Marking Bits: (ParMarkBitMap*) 0x00007fc9975f8760
 Begin Bits: [0x00007fc978330000, 0x00007fc97a198000)
 End Bits:   [0x00007fc97a198000, 0x00007fc97c000000)

Polling page: 0x00007fc998248000

CodeCache: size=245760Kb used=2056Kb max_used=2056Kb free=243703Kb
 bounds [0x00007fc981000000, 0x00007fc981270000, 0x00007fc990000000]
 total_blobs=1041 nmethods=688 adapters=268
 compilation: enabled

Compilation events (10 events):
Event: 0.686 Thread 0x00007fc9900bf800 nmethod 681 0x00007fc9811ffd10 code [0x00007fc9811fff00, 0x00007fc9812002a8]
Event: 0.686 Thread 0x00007fc9900bf800  682       1       java.lang.Class::getInterfaces (41 bytes)
Event: 0.686 Thread 0x00007fc9900bf800 nmethod 682 0x00007fc981200610 code [0x00007fc9812007a0, 0x00007fc9812009b8]
Event: 0.686 Thread 0x00007fc9900bf800  685       1       sun.misc.ProxyGenerator$ConstantPool$IndirectEntry::<init> (21 bytes)
Event: 0.686 Thread 0x00007fc9900bf800 nmethod 685 0x00007fc981200ad0 code [0x00007fc981200c20, 0x00007fc981200d30]
Event: 0.686 Thread 0x00007fc9900bf800  684       1       java.util.ArrayList::<init> (12 bytes)
Event: 0.687 Thread 0x00007fc9900bf800 nmethod 684 0x00007fc981200d90 code [0x00007fc981200ee0, 0x00007fc981201010]
Event: 0.687 Thread 0x00007fc9900bf800  687       1       java.lang.Class::searchMethods (90 bytes)
Event: 0.688 Thread 0x00007fc9900bf800 nmethod 687 0x00007fc981201090 code [0x00007fc981201260, 0x00007fc981201678]
Event: 0.688 Thread 0x00007fc9900bf800  686  s    1       java.io.DataOutputStream::write (16 bytes)

GC Heap History (0 events):
No events

Deoptimization events (0 events):
No events

Internal exceptions (10 events):
Event: 0.300 Thread 0x00007fc99000e800 Exception <a 'java/security/PrivilegedActionException'> (0x00000000d7b997b8) thrown at [/RE-WORK/workspace/8-2-build-linux-amd64/jdk8u45/3457/hotspot/src/share/vm/prims/jvm.cpp, line 1382]
Event: 0.348 Thread 0x00007fc99000e800 Exception <a 'java/lang/ClassNotFoundException': javax/management/remote/rmi/RMIServerImpl_Skel> (0x00000000d7c24ce0) thrown at [/RE-WORK/workspace/8-2-build-linux-amd64/jdk8u45/3457/hotspot/src/share/vm/classfile/systemDictionary.cpp, line 210]
Event: 0.458 Thread 0x00007fc99000e800 Exception <a 'java/io/FileNotFoundException'> (0x00000000d8072638) thrown at [/RE-WORK/workspace/8-2-build-linux-amd64/jdk8u45/3457/hotspot/src/share/vm/prims/jni.cpp, line 709]
Event: 0.578 Thread 0x00007fc99000e800 Exception <a 'java/lang/NoSuchFieldError': method resolution failed> (0x00000000d84a4c40) thrown at [/RE-WORK/workspace/8-2-build-linux-amd64/jdk8u45/3457/hotspot/src/share/vm/prims/methodHandles.cpp, line 1125]
Event: 0.581 Thread 0x00007fc99000e800 Exception <a 'java/lang/NoSuchFieldError': method resolution failed> (0x00000000d84b3300) thrown at [/RE-WORK/workspace/8-2-build-linux-amd64/jdk8u45/3457/hotspot/src/share/vm/prims/methodHandles.cpp, line 1125]
Event: 0.631 Thread 0x00007fc940001000 Exception <a 'java/lang/NoSuchMethodError': <clinit>> (0x00000000d8782730) thrown at [/RE-WORK/workspace/8-2-build-linux-amd64/jdk8u45/3457/hotspot/src/share/vm/prims/jni.cpp, line 1598]
Event: 0.635 Thread 0x00007fc940001000 Exception <a 'java/lang/ClassNotFoundException': javax/management/remote/rmi/RMIConnectionImpl_Skel> (0x00000000d8787398) thrown at [/RE-WORK/workspace/8-2-build-linux-amd64/jdk8u45/3457/hotspot/src/share/vm/classfile/systemDictionary.cpp, line 210]
Event: 0.645 Thread 0x00007fc940001000 Exception <a 'java/lang/reflect/InvocationTargetException'> (0x00000000d87c0558) thrown at [/RE-WORK/workspace/8-2-build-linux-amd64/jdk8u45/3457/hotspot/src/share/vm/runtime/reflection.cpp, line 1080]
Event: 0.648 Thread 0x00007fc940001000 Exception <a 'java/lang/NoSuchMethodError': <clinit>> (0x00000000d87df8a0) thrown at [/RE-WORK/workspace/8-2-build-linux-amd64/jdk8u45/3457/hotspot/src/share/vm/prims/jni.cpp, line 1598]
Event: 0.680 Thread 0x00007fc99000e800 Exception <a 'java/lang/ArrayIndexOutOfBoundsException'> (0x00000000d8c265e8) thrown at [/RE-WORK/workspace/8-2-build-linux-amd64/jdk8u45/3457/hotspot/src/share/vm/runtime/sharedRuntime.cpp, line 605]

Events (10 events):
Event: 0.683 loading class org/springframework/boot/autoconfigure/BackgroundPreinitializer
Event: 0.683 loading class org/springframework/boot/autoconfigure/BackgroundPreinitializer done
Event: 0.684 loading class java/util/concurrent/CountDownLatch
Event: 0.684 loading class java/util/concurrent/CountDownLatch done
Event: 0.684 loading class java/util/concurrent/CountDownLatch$Sync
Event: 0.684 loading class java/util/concurrent/CountDownLatch$Sync done
Event: 0.684 loading class org/springframework/boot/devtools/logger/DevToolsLogFactory
Event: 0.684 loading class org/springframework/boot/devtools/logger/DevToolsLogFactory done
Event: 0.687 loading class org/springframework/core/annotation/AttributeMethods
Event: 0.687 loading class org/springframework/core/annotation/AttributeMethods done


Dynamic libraries:
00400000-00401000 r-xp 00000000 08:06 14944434                           /home/andrew/java/jdk1.8.0_45/bin/java
00600000-00601000 rw-p 00000000 08:06 14944434                           /home/andrew/java/jdk1.8.0_45/bin/java
014be000-014df000 rw-p 00000000 00:00 0                                  [heap]
86600000-8b780000 rw-p 00000000 00:00 0 
8b780000-d7780000 ---p 00000000 00:00 0 
d7780000-da000000 rw-p 00000000 00:00 0 
da000000-100000000 ---p 00000000 00:00 0 
100000000-100160000 rw-p 00000000 00:00 0 
100160000-140000000 ---p 00000000 00:00 0 
7fc920000000-7fc920021000 rw-p 00000000 00:00 0 
7fc920021000-7fc924000000 ---p 00000000 00:00 0 
7fc928000000-7fc928021000 rw-p 00000000 00:00 0 
7fc928021000-7fc92c000000 ---p 00000000 00:00 0 
7fc92c000000-7fc92c021000 rw-p 00000000 00:00 0 
7fc92c021000-7fc930000000 ---p 00000000 00:00 0 
7fc930000000-7fc930021000 rw-p 00000000 00:00 0 
7fc930021000-7fc934000000 ---p 00000000 00:00 0 
7fc934000000-7fc934021000 rw-p 00000000 00:00 0 
7fc934021000-7fc938000000 ---p 00000000 00:00 0 
7fc938000000-7fc938021000 rw-p 00000000 00:00 0 
7fc938021000-7fc93c000000 ---p 00000000 00:00 0 
7fc93c000000-7fc93c021000 rw-p 00000000 00:00 0 
7fc93c021000-7fc940000000 ---p 00000000 00:00 0 
7fc940000000-7fc940021000 rw-p 00000000 00:00 0 
7fc940021000-7fc944000000 ---p 00000000 00:00 0 
7fc944fff000-7fc948000000 rw-p 00000000 00:00 0 
7fc948000000-7fc9481dc000 rw-p 00000000 00:00 0 
7fc9481dc000-7fc94c000000 ---p 00000000 00:00 0 
7fc94c000000-7fc94c021000 rw-p 00000000 00:00 0 
7fc94c021000-7fc950000000 ---p 00000000 00:00 0 
7fc950000000-7fc950021000 rw-p 00000000 00:00 0 
7fc950021000-7fc954000000 ---p 00000000 00:00 0 
7fc954000000-7fc954066000 rw-p 00000000 00:00 0 
7fc954066000-7fc958000000 ---p 00000000 00:00 0 
7fc958000000-7fc958021000 rw-p 00000000 00:00 0 
7fc958021000-7fc95c000000 ---p 00000000 00:00 0 
7fc95c000000-7fc95c021000 rw-p 00000000 00:00 0 
7fc95c021000-7fc960000000 ---p 00000000 00:00 0 
7fc960000000-7fc960021000 rw-p 00000000 00:00 0 
7fc960021000-7fc964000000 ---p 00000000 00:00 0 
7fc964000000-7fc964021000 rw-p 00000000 00:00 0 
7fc964021000-7fc968000000 ---p 00000000 00:00 0 
7fc969b66000-7fc969b69000 ---p 00000000 00:00 0 
7fc969b69000-7fc969c67000 rw-p 00000000 00:00 0 
7fc969c67000-7fc969c6a000 ---p 00000000 00:00 0 
7fc969c6a000-7fc969d68000 rw-p 00000000 00:00 0 
7fc969d68000-7fc969d6b000 ---p 00000000 00:00 0 
7fc969d6b000-7fc969f29000 rw-p 00000000 00:00 0 
7fc969f29000-7fc96a069000 ---p 00000000 00:00 0 
7fc96a069000-7fc96a06c000 ---p 00000000 00:00 0 
7fc96a06c000-7fc96a16a000 rw-p 00000000 00:00 0 
7fc96a16a000-7fc96a16b000 r--p 00000000 08:01 4985559                    /usr/share/locale-langpack/en_GB/LC_MESSAGES/libc.mo
7fc96a16b000-7fc96a16c000 ---p 00000000 00:00 0 
7fc96a16c000-7fc96a26c000 rw-p 00000000 00:00 0 
7fc96a26c000-7fc96a26f000 ---p 00000000 00:00 0 
7fc96a26f000-7fc96a36d000 rw-p 00000000 00:00 0 
7fc96a36d000-7fc96a389000 r--s 00393000 08:06 14944358                   /home/andrew/java/jdk1.8.0_45/jre/lib/ext/cldrdata.jar
7fc96a389000-7fc96a394000 r--s 00116000 08:06 14944356                   /home/andrew/java/jdk1.8.0_45/jre/lib/ext/localedata.jar
7fc96a394000-7fc96a397000 ---p 00000000 00:00 0 
7fc96a397000-7fc96a495000 rw-p 00000000 00:00 0 
7fc96a495000-7fc96a498000 ---p 00000000 00:00 0 
7fc96a498000-7fc96a596000 rw-p 00000000 00:00 0 
7fc96a596000-7fc96a59b000 r--s 00094000 08:06 14944080                   /home/andrew/java/jdk1.8.0_45/jre/lib/jsse.jar
7fc96a59b000-7fc96a5aa000 r--s 0007b000 08:06 11016933                   /home/andrew/.m2/repository/org/springframework/security/spring-security-web/5.2.0.RELEASE/spring-security-web-5.2.0.RELEASE.jar
7fc96a5aa000-7fc96a5b6000 r--s 00061000 08:06 11016931                   /home/andrew/.m2/repository/org/springframework/security/spring-security-core/5.2.0.RELEASE/spring-security-core-5.2.0.RELEASE.jar
7fc96a5b6000-7fc96a5c4000 r--s 000c4000 08:06 11016929                   /home/andrew/.m2/repository/org/springframework/security/spring-security-config/5.2.0.RELEASE/spring-security-config-5.2.0.RELEASE.jar
7fc96a5c4000-7fc96a5cd000 r--s 00052000 08:06 7093764                    /home/andrew/.m2/repository/org/springframework/spring-aop/5.2.0.RELEASE/spring-aop-5.2.0.RELEASE.jar
7fc96a5cd000-7fc96a5ce000 r--s 00000000 08:06 7611878                    /home/andrew/.m2/repository/org/springframework/boot/spring-boot-starter-security/2.2.0.RELEASE/spring-boot-starter-security-2.2.0.RELEASE.jar
7fc96a5ce000-7fc96a5d1000 r--s 0000e000 08:06 11145417                   /home/andrew/.m2/repository/com/fasterxml/jackson/core/jackson-annotations/2.10.0/jackson-annotations-2.10.0.jar
7fc96a5d1000-7fc96a5d3000 r--s 00002000 08:06 5647909                    /home/andrew/.m2/repository/org/atteo/evo-inflector/1.2.2/evo-inflector-1.2.2.jar
7fc96a5d3000-7fc96a5d5000 r--s 00006000 08:06 11016861                   /home/andrew/.m2/repository/org/springframework/plugin/spring-plugin-core/2.0.0.RELEASE/spring-plugin-core-2.0.0.RELEASE.jar
7fc96a5d5000-7fc96a5e0000 r--s 00072000 08:06 10755844                   /home/andrew/.m2/repository/org/springframework/hateoas/spring-hateoas/1.0.0.RELEASE/spring-hateoas-1.0.0.RELEASE.jar
7fc96a5e0000-7fc96a5e5000 r--s 00020000 08:06 11016859                   /home/andrew/.m2/repository/org/springframework/data/spring-data-rest-core/3.2.0.RELEASE/spring-data-rest-core-3.2.0.RELEASE.jar
7fc96a5e5000-7fc96a5ec000 r--s 0004c000 08:06 11016857                   /home/andrew/.m2/repository/org/springframework/data/spring-data-rest-webmvc/3.2.0.RELEASE/spring-data-rest-webmvc-3.2.0.RELEASE.jar
7fc96a5ec000-7fc96a5ed000 r--s 00000000 08:06 10359920                   /home/andrew/.m2/repository/org/springframework/boot/spring-boot-starter-data-rest/2.2.0.RELEASE/spring-boot-starter-data-rest-2.2.0.RELEASE.jar
7fc96a5ed000-7fc96a600000 r--s 00201000 08:06 11016494                   /home/andrew/.m2/repository/com/h2database/h2/1.4.199/h2-1.4.199.jar
7fc96a600000-7fc96a602000 r--s 0000a000 08:06 10101785                   /home/andrew/.m2/repository/org/springframework/spring-aspects/5.2.0.RELEASE/spring-aspects-5.2.0.RELEASE.jar
7fc96a602000-7fc96a60b000 r--s 00044000 08:06 9833227                    /home/andrew/.m2/repository/org/springframework/spring-tx/5.2.0.RELEASE/spring-tx-5.2.0.RELEASE.jar
7fc96a60b000-7fc96a610000 r--s 0002d000 08:06 9833252                    /home/andrew/.m2/repository/org/springframework/spring-orm/5.2.0.RELEASE/spring-orm-5.2.0.RELEASE.jar
7fc96a610000-7fc96a629000 r--s 0010f000 08:06 11144729                   /home/andrew/.m2/repository/org/springframework/data/spring-data-commons/2.2.0.RELEASE/spring-data-commons-2.2.0.RELEASE.jar
7fc96a629000-7fc96a631000 r--s 00052000 08:06 10883328                   /home/andrew/.m2/repository/org/springframework/data/spring-data-jpa/2.2.0.RELEASE/spring-data-jpa-2.2.0.RELEASE.jar
7fc96a631000-7fc96a636000 r--s 00049000 08:06 10619960                   /home/andrew/.m2/repository/com/sun/xml/fastinfoset/FastInfoset/1.2.16/FastInfoset-1.2.16.jar
7fc96a636000-7fc96a638000 r--s 00008000 08:06 5516783                    /home/andrew/.m2/repository/org/jvnet/staxex/stax-ex/1.8.1/stax-ex-1.8.1.jar
7fc96a638000-7fc96a63a000 r--s 00005000 08:06 10488698                   /home/andrew/.m2/repository/com/sun/istack/istack-commons-runtime/3.0.8/istack-commons-runtime-3.0.8.jar
7fc96a63a000-7fc96a63c000 r--s 00010000 08:06 11012674                   /home/andrew/.m2/repository/org/glassfish/jaxb/txw2/2.3.2/txw2-2.3.2.jar
7fc96a63c000-7fc96a651000 r--s 000e3000 08:06 11012672                   /home/andrew/.m2/repository/org/glassfish/jaxb/jaxb-runtime/2.3.2/jaxb-runtime-2.3.2.jar
7fc96a651000-7fc96a654000 r--s 00010000 08:06 11012670                   /home/andrew/.m2/repository/org/hibernate/common/hibernate-commons-annotations/5.1.0.Final/hibernate-commons-annotations-5.1.0.Final.jar
7fc96a654000-7fc96a659000 r--s 0004b000 08:06 5516741                    /home/andrew/.m2/repository/org/dom4j/dom4j/2.1.1/dom4j-2.1.1.jar
7fc96a659000-7fc96a65b000 r--s 0000f000 08:06 11145465                   /home/andrew/.m2/repository/com/fasterxml/classmate/1.5.0/classmate-1.5.0.jar
7fc96a65b000-7fc96a65e000 r--s 0002b000 08:06 11016453                   /home/andrew/.m2/repository/org/jboss/jandex/2.0.5.Final/jandex-2.0.5.Final.jar
7fc96a65e000-7fc96a663000 r--s 00068000 08:06 5516739                    /home/andrew/.m2/repository/antlr/antlr/2.7.7/antlr-2.7.7.jar
7fc96a663000-7fc96a66d000 r--s 000b4000 08:06 5379141                    /home/andrew/.m2/repository/org/javassist/javassist/3.24.0-GA/javassist-3.24.0-GA.jar
7fc96a66d000-7fc96a66f000 r--s 0000d000 08:06 11145463                   /home/andrew/.m2/repository/org/jboss/logging/jboss-logging/3.4.1.Final/jboss-logging-3.4.1.Final.jar
7fc96a66f000-7fc96a6f4000 r--s 0064d000 08:06 11012668                   /home/andrew/.m2/repository/org/hibernate/hibernate-core/5.4.6.Final/hibernate-core-5.4.6.Final.jar
7fc96a6f4000-7fc96a6f5000 r--s 00003000 08:06 11147281                   /home/andrew/.m2/repository/jakarta/transaction/jakarta.transaction-api/1.3.3/jakarta.transaction-api-1.3.3.jar
7fc96a6f5000-7fc96a6fb000 r--s 00023000 08:06 11147279                   /home/andrew/.m2/repository/jakarta/persistence/jakarta.persistence-api/2.2.3/jakarta.persistence-api-2.2.3.jar
7fc96a6fb000-7fc96a6fd000 r--s 00009000 08:06 11144739                   /home/andrew/.m2/repository/jakarta/activation/jakarta.activation-api/1.2.1/jakarta.activation-api-1.2.1.jar
7fc96a6fd000-7fc96a707000 r--s 0005a000 08:06 10240604                   /home/andrew/.m2/repository/org/springframework/spring-jdbc/5.2.0.RELEASE/spring-jdbc-5.2.0.RELEASE.jar
7fc96a707000-7fc96a70a000 r--s 00023000 08:06 10240602                   /home/andrew/.m2/repository/com/zaxxer/HikariCP/3.4.1/HikariCP-3.4.1.jar
7fc96a70a000-7fc96a70b000 r--s 00000000 08:06 10101783                   /home/andrew/.m2/repository/org/springframework/boot/spring-boot-starter-jdbc/2.2.0.RELEASE/spring-boot-starter-jdbc-2.2.0.RELEASE.jar
7fc96a70b000-7fc96a724000 r--s 001da000 08:06 5379248                    /home/andrew/.m2/repository/org/aspectj/aspectjweaver/1.9.4/aspectjweaver-1.9.4.jar
7fc96a724000-7fc96a725000 r--s 00000000 08:06 10101781                   /home/andrew/.m2/repository/org/springframework/boot/spring-boot-starter-aop/2.2.0.RELEASE/spring-boot-starter-aop-2.2.0.RELEASE.jar
7fc96a725000-7fc96a726000 r--s 00000000 08:06 9577412                    /home/andrew/.m2/repository/org/springframework/boot/spring-boot-starter-data-jpa/2.2.0.RELEASE/spring-boot-starter-data-jpa-2.2.0.RELEASE.jar
7fc96a726000-7fc96a741000 r--s 00142000 08:06 6817232                    /home/andrew/.m2/repository/org/springframework/spring-core/5.2.0.RELEASE/spring-core-5.2.0.RELEASE.jar
7fc96a741000-7fc96a789000 r--s 002e9000 08:06 11144755                   /home/andrew/.m2/repository/net/bytebuddy/byte-buddy/1.10.1/byte-buddy-1.10.1.jar
7fc96a789000-7fc96a78d000 r--s 00019000 08:06 11144737                   /home/andrew/.m2/repository/jakarta/xml/bind/jakarta.xml.bind-api/2.3.2/jakarta.xml.bind-api-2.3.2.jar
7fc96a78d000-7fc96a78f000 r--s 00009000 08:06 9577349                    /home/andrew/.m2/repository/org/slf4j/slf4j-api/1.7.28/slf4j-api-1.7.28.jar
7fc96a78f000-7fc96a791000 r--s 0000c000 08:06 11016508                   /home/andrew/.m2/repository/org/ow2/asm/asm/5.0.4/asm-5.0.4.jar
7fc96a791000-7fc96a793000 r--s 00006000 08:06 11016506                   /home/andrew/.m2/repository/net/minidev/accessors-smart/1.2/accessors-smart-1.2.jar
7fc96a793000-7fc96a796000 r--s 0001b000 08:06 11016504                   /home/andrew/.m2/repository/net/minidev/json-smart/2.3/json-smart-2.3.jar
7fc96a796000-7fc96a79c000 r--s 00031000 08:06 11016502                   /home/andrew/.m2/repository/com/jayway/jsonpath/json-path/2.4.0/json-path-2.4.0.jar
7fc96a79c000-7fc96a7c3000 r--s 0012b000 08:06 11144715                   /home/andrew/.m2/repository/org/springframework/boot/spring-boot-autoconfigure/2.2.0.RELEASE/spring-boot-autoconfigure-2.2.0.RELEASE.jar
7fc96a7c3000-7fc96a7d9000 r--s 000e7000 08:06 11144713                   /home/andrew/.m2/repository/org/springframework/boot/spring-boot/2.2.0.RELEASE/spring-boot-2.2.0.RELEASE.jar
7fc96a7d9000-7fc96a7df000 r--s 00030000 08:06 11145700                   /home/andrew/.m2/repository/org/springframework/boot/spring-boot-devtools/2.2.0.RELEASE/spring-boot-devtools-2.2.0.RELEASE.jar
7fc96a7df000-7fc96a7e4000 r--s 00040000 08:06 7347601                    /home/andrew/.m2/repository/org/springframework/spring-expression/5.2.0.RELEASE/spring-expression-5.2.0.RELEASE.jar
7fc96a7e4000-7fc96a7ff000 r--s 0010e000 08:06 6957391                    /home/andrew/.m2/repository/org/springframework/spring-context/5.2.0.RELEASE/spring-context-5.2.0.RELEASE.jar
7fc96a7ff000-7fc96a811000 r--s 000d5000 08:06 6816821                    /home/andrew/.m2/repository/org/springframework/spring-webmvc/5.2.0.RELEASE/spring-webmvc-5.2.0.RELEASE.jar
7fc96a811000-7fc96a81e000 r--s 0009b000 08:06 7211785                    /home/andrew/.m2/repository/org/springframework/spring-beans/5.2.0.RELEASE/spring-beans-5.2.0.RELEASE.jar
7fc96a81e000-7fc96a83a000 r--s 0013c000 08:06 11145467                   /home/andrew/.m2/repository/org/springframework/spring-web/5.2.0.RELEASE/spring-web-5.2.0.RELEASE.jar
7fc96a83a000-7fc96a857000 r--s 000fe000 08:06 10883039                   /home/andrew/.m2/repository/org/hibernate/validator/hibernate-validator/6.0.17.Final/hibernate-validator-6.0.17.Final.jar
7fc96a857000-7fc96a85c000 r--s 00012000 08:06 11145461                   /home/andrew/.m2/repository/jakarta/validation/jakarta.validation-api/2.0.1/jakarta.validation-api-2.0.1.jar
7fc96a85c000-7fc96a861000 r--s 0003c000 08:06 11012676                   /home/andrew/.m2/repository/org/apache/tomcat/embed/tomcat-embed-websocket/9.0.27/tomcat-embed-websocket-9.0.27.jar
7fc96a861000-7fc96a866000 r--s 0003a000 08:06 10883334                   /home/andrew/.m2/repository/org/apache/tomcat/embed/tomcat-embed-el/9.0.27/tomcat-embed-el-9.0.27.jar
7fc96a866000-7fc96a891000 r--s 0030b000 08:06 10755808                   /home/andrew/.m2/repository/org/apache/tomcat/embed/tomcat-embed-core/9.0.27/tomcat-embed-core-9.0.27.jar
7fc96a891000-7fc96a8a7000 r--s 00141000 08:06 11145415                   /home/andrew/.m2/repository/com/fasterxml/jackson/core/jackson-databind/2.10.0/jackson-databind-2.10.0.jar
7fc96a8a7000-7fc96a8b8000 r-xp 00000000 08:06 14944279                   /home/andrew/java/jdk1.8.0_45/jre/lib/amd64/libnio.so
7fc96a8b8000-7fc96aab7000 ---p 00011000 08:06 14944279                   /home/andrew/java/jdk1.8.0_45/jre/lib/amd64/libnio.so
7fc96aab7000-7fc96aab8000 rw-p 00010000 08:06 14944279                   /home/andrew/java/jdk1.8.0_45/jre/lib/amd64/libnio.so
7fc96aab8000-7fc96aace000 r-xp 00000000 08:06 14944303                   /home/andrew/java/jdk1.8.0_45/jre/lib/amd64/libnet.so
7fc96aace000-7fc96acce000 ---p 00016000 08:06 14944303                   /home/andrew/java/jdk1.8.0_45/jre/lib/amd64/libnet.so
7fc96acce000-7fc96accf000 rw-p 00016000 08:06 14944303                   /home/andrew/java/jdk1.8.0_45/jre/lib/amd64/libnet.so
7fc96accf000-7fc96acd7000 r-xp 00000000 08:06 14944290                   /home/andrew/java/jdk1.8.0_45/jre/lib/amd64/libmanagement.so
7fc96acd7000-7fc96aed7000 ---p 00008000 08:06 14944290                   /home/andrew/java/jdk1.8.0_45/jre/lib/amd64/libmanagement.so
7fc96aed7000-7fc96aed8000 rw-p 00008000 08:06 14944290                   /home/andrew/java/jdk1.8.0_45/jre/lib/amd64/libmanagement.so
7fc96aed8000-7fc96aedb000 ---p 00000000 00:00 0 
7fc96aedb000-7fc96afd9000 rw-p 00000000 00:00 0 
7fc96afd9000-7fc96afdc000 ---p 00000000 00:00 0 
7fc96afdc000-7fc96b0da000 rw-p 00000000 00:00 0 
7fc96b0da000-7fc96b0dd000 ---p 00000000 00:00 0 
7fc96b0dd000-7fc96b1db000 rw-p 00000000 00:00 0 
7fc96b1db000-7fc96b1de000 ---p 00000000 00:00 0 
7fc96b1de000-7fc96b2dc000 rw-p 00000000 00:00 0 
7fc96b2dc000-7fc96b2df000 ---p 00000000 00:00 0 
7fc96b2df000-7fc96b3dd000 rw-p 00000000 00:00 0 
7fc96b3dd000-7fc96b6b5000 r--p 00000000 08:01 4197027                    /usr/lib/locale/locale-archive
7fc96b6b5000-7fc96b6b8000 ---p 00000000 00:00 0 
7fc96b6b8000-7fc96b7b6000 rw-p 00000000 00:00 0 
7fc96b7b6000-7fc96b7b9000 ---p 00000000 00:00 0 
7fc96b7b9000-7fc96b8b7000 rw-p 00000000 00:00 0 
7fc96b8b7000-7fc96b8b8000 ---p 00000000 00:00 0 
7fc96b8b8000-7fc96c000000 rw-p 00000000 00:00 0 
7fc96c000000-7fc96c021000 rw-p 00000000 00:00 0 
7fc96c021000-7fc970000000 ---p 00000000 00:00 0 
7fc970000000-7fc970021000 rw-p 00000000 00:00 0 
7fc970021000-7fc974000000 ---p 00000000 00:00 0 
7fc974000000-7fc974021000 rw-p 00000000 00:00 0 
7fc974021000-7fc978000000 ---p 00000000 00:00 0 
7fc978000000-7fc978001000 r--s 00005000 08:06 11144759                   /home/andrew/.m2/repository/org/springframework/spring-jcl/5.2.0.RELEASE/spring-jcl-5.2.0.RELEASE.jar
7fc978001000-7fc978002000 r--s 00000000 08:06 11145459                   /home/andrew/.m2/repository/org/springframework/boot/spring-boot-starter-validation/2.2.0.RELEASE/spring-boot-starter-validation-2.2.0.RELEASE.jar
7fc978002000-7fc978004000 r--s 00001000 08:06 11145425                   /home/andrew/.m2/repository/com/fasterxml/jackson/module/jackson-module-parameter-names/2.10.0/jackson-module-parameter-names-2.10.0.jar
7fc978004000-7fc978007000 r--s 00017000 08:06 11145423                   /home/andrew/.m2/repository/com/fasterxml/jackson/datatype/jackson-datatype-jsr310/2.10.0/jackson-datatype-jsr310-2.10.0.jar
7fc978007000-7fc97800c000 r--s 00051000 08:06 11145419                   /home/andrew/.m2/repository/com/fasterxml/jackson/core/jackson-core/2.10.0/jackson-core-2.10.0.jar
7fc97800c000-7fc97c000000 rw-p 00000000 00:00 0 
7fc97c000000-7fc97c021000 rw-p 00000000 00:00 0 
7fc97c021000-7fc980000000 ---p 00000000 00:00 0 
7fc980000000-7fc980627000 rw-p 00000000 00:00 0 
7fc980627000-7fc980800000 r--s 03d09000 08:06 14944082                   /home/andrew/java/jdk1.8.0_45/jre/lib/rt.jar
7fc980800000-7fc981000000 rw-p 00000000 00:00 0 
7fc981000000-7fc981270000 rwxp 00000000 00:00 0 
7fc981270000-7fc990000000 ---p 00000000 00:00 0 
7fc990000000-7fc9907e6000 rw-p 00000000 00:00 0 
7fc9907e6000-7fc994000000 ---p 00000000 00:00 0 
7fc994000000-7fc994007000 r--s 00044000 08:06 11144725                   /home/andrew/.m2/repository/org/yaml/snakeyaml/1.25/snakeyaml-1.25.jar
7fc994007000-7fc994499000 rw-p 00000000 00:00 0 
7fc994499000-7fc99449a000 ---p 00000000 00:00 0 
7fc99449a000-7fc99459a000 rw-p 00000000 00:00 0 
7fc99459a000-7fc99459b000 ---p 00000000 00:00 0 
7fc99459b000-7fc99469b000 rw-p 00000000 00:00 0 
7fc99469b000-7fc99469c000 ---p 00000000 00:00 0 
7fc99469c000-7fc99479c000 rw-p 00000000 00:00 0 
7fc99479c000-7fc99479d000 ---p 00000000 00:00 0 
7fc99479d000-7fc9948c6000 rw-p 00000000 00:00 0 
7fc9948c6000-7fc994b26000 ---p 00000000 00:00 0 
7fc994b26000-7fc994b4f000 rw-p 00000000 00:00 0 
7fc994b4f000-7fc994dae000 ---p 00000000 00:00 0 
7fc994dae000-7fc994dc3000 rw-p 00000000 00:00 0 
7fc994dc3000-7fc994ef3000 ---p 00000000 00:00 0 
7fc994ef3000-7fc994efe000 rw-p 00000000 00:00 0 
7fc994efe000-7fc9952b4000 ---p 00000000 00:00 0 
7fc9952b4000-7fc9952ce000 r-xp 00000000 08:06 14944284                   /home/andrew/java/jdk1.8.0_45/jre/lib/amd64/libzip.so
7fc9952ce000-7fc9954ce000 ---p 0001a000 08:06 14944284                   /home/andrew/java/jdk1.8.0_45/jre/lib/amd64/libzip.so
7fc9954ce000-7fc9954cf000 rw-p 0001a000 08:06 14944284                   /home/andrew/java/jdk1.8.0_45/jre/lib/amd64/libzip.so
7fc9954cf000-7fc9954da000 r-xp 00000000 08:01 2621621                    /lib/x86_64-linux-gnu/libnss_files-2.23.so
7fc9954da000-7fc9956d9000 ---p 0000b000 08:01 2621621                    /lib/x86_64-linux-gnu/libnss_files-2.23.so
7fc9956d9000-7fc9956da000 r--p 0000a000 08:01 2621621                    /lib/x86_64-linux-gnu/libnss_files-2.23.so
7fc9956da000-7fc9956db000 rw-p 0000b000 08:01 2621621                    /lib/x86_64-linux-gnu/libnss_files-2.23.so
7fc9956db000-7fc9956e1000 rw-p 00000000 00:00 0 
7fc9956e1000-7fc9956ec000 r-xp 00000000 08:01 2621614                    /lib/x86_64-linux-gnu/libnss_nis-2.23.so
7fc9956ec000-7fc9958eb000 ---p 0000b000 08:01 2621614                    /lib/x86_64-linux-gnu/libnss_nis-2.23.so
7fc9958eb000-7fc9958ec000 r--p 0000a000 08:01 2621614                    /lib/x86_64-linux-gnu/libnss_nis-2.23.so
7fc9958ec000-7fc9958ed000 rw-p 0000b000 08:01 2621614                    /lib/x86_64-linux-gnu/libnss_nis-2.23.so
7fc9958ed000-7fc995903000 r-xp 00000000 08:01 2621619                    /lib/x86_64-linux-gnu/libnsl-2.23.so
7fc995903000-7fc995b02000 ---p 00016000 08:01 2621619                    /lib/x86_64-linux-gnu/libnsl-2.23.so
7fc995b02000-7fc995b03000 r--p 00015000 08:01 2621619                    /lib/x86_64-linux-gnu/libnsl-2.23.so
7fc995b03000-7fc995b04000 rw-p 00016000 08:01 2621619                    /lib/x86_64-linux-gnu/libnsl-2.23.so
7fc995b04000-7fc995b06000 rw-p 00000000 00:00 0 
7fc995b06000-7fc995b0e000 r-xp 00000000 08:01 2621625                    /lib/x86_64-linux-gnu/libnss_compat-2.23.so
7fc995b0e000-7fc995d0d000 ---p 00008000 08:01 2621625                    /lib/x86_64-linux-gnu/libnss_compat-2.23.so
7fc995d0d000-7fc995d0e000 r--p 00007000 08:01 2621625                    /lib/x86_64-linux-gnu/libnss_compat-2.23.so
7fc995d0e000-7fc995d0f000 rw-p 00008000 08:01 2621625                    /lib/x86_64-linux-gnu/libnss_compat-2.23.so
7fc995d0f000-7fc995d39000 r-xp 00000000 08:06 14944277                   /home/andrew/java/jdk1.8.0_45/jre/lib/amd64/libjava.so
7fc995d39000-7fc995f39000 ---p 0002a000 08:06 14944277                   /home/andrew/java/jdk1.8.0_45/jre/lib/amd64/libjava.so
7fc995f39000-7fc995f3b000 rw-p 0002a000 08:06 14944277                   /home/andrew/java/jdk1.8.0_45/jre/lib/amd64/libjava.so
7fc995f3b000-7fc995f48000 r-xp 00000000 08:06 14944317                   /home/andrew/java/jdk1.8.0_45/jre/lib/amd64/libverify.so
7fc995f48000-7fc996148000 ---p 0000d000 08:06 14944317                   /home/andrew/java/jdk1.8.0_45/jre/lib/amd64/libverify.so
7fc996148000-7fc99614a000 rw-p 0000d000 08:06 14944317                   /home/andrew/java/jdk1.8.0_45/jre/lib/amd64/libverify.so
7fc99614a000-7fc996151000 r-xp 00000000 08:01 2621522                    /lib/x86_64-linux-gnu/librt-2.23.so
7fc996151000-7fc996350000 ---p 00007000 08:01 2621522                    /lib/x86_64-linux-gnu/librt-2.23.so
7fc996350000-7fc996351000 r--p 00006000 08:01 2621522                    /lib/x86_64-linux-gnu/librt-2.23.so
7fc996351000-7fc996352000 rw-p 00007000 08:01 2621522                    /lib/x86_64-linux-gnu/librt-2.23.so
7fc996352000-7fc99645a000 r-xp 00000000 08:01 2621627                    /lib/x86_64-linux-gnu/libm-2.23.so
7fc99645a000-7fc996659000 ---p 00108000 08:01 2621627                    /lib/x86_64-linux-gnu/libm-2.23.so
7fc996659000-7fc99665a000 r--p 00107000 08:01 2621627                    /lib/x86_64-linux-gnu/libm-2.23.so
7fc99665a000-7fc99665b000 rw-p 00108000 08:01 2621627                    /lib/x86_64-linux-gnu/libm-2.23.so
7fc99665b000-7fc997309000 r-xp 00000000 08:06 14944336                   /home/andrew/java/jdk1.8.0_45/jre/lib/amd64/server/libjvm.so
7fc997309000-7fc997508000 ---p 00cae000 08:06 14944336                   /home/andrew/java/jdk1.8.0_45/jre/lib/amd64/server/libjvm.so
7fc997508000-7fc9975df000 rw-p 00cad000 08:06 14944336                   /home/andrew/java/jdk1.8.0_45/jre/lib/amd64/server/libjvm.so
7fc9975df000-7fc997623000 rw-p 00000000 00:00 0 
7fc997623000-7fc9977e3000 r-xp 00000000 08:01 2621624                    /lib/x86_64-linux-gnu/libc-2.23.so
7fc9977e3000-7fc9979e3000 ---p 001c0000 08:01 2621624                    /lib/x86_64-linux-gnu/libc-2.23.so
7fc9979e3000-7fc9979e7000 r--p 001c0000 08:01 2621624                    /lib/x86_64-linux-gnu/libc-2.23.so
7fc9979e7000-7fc9979e9000 rw-p 001c4000 08:01 2621624                    /lib/x86_64-linux-gnu/libc-2.23.so
7fc9979e9000-7fc9979ed000 rw-p 00000000 00:00 0 
7fc9979ed000-7fc9979f0000 r-xp 00000000 08:01 2621609                    /lib/x86_64-linux-gnu/libdl-2.23.so
7fc9979f0000-7fc997bef000 ---p 00003000 08:01 2621609                    /lib/x86_64-linux-gnu/libdl-2.23.so
7fc997bef000-7fc997bf0000 r--p 00002000 08:01 2621609                    /lib/x86_64-linux-gnu/libdl-2.23.so
7fc997bf0000-7fc997bf1000 rw-p 00003000 08:01 2621609                    /lib/x86_64-linux-gnu/libdl-2.23.so
7fc997bf1000-7fc997c06000 r-xp 00000000 08:06 14944600                   /home/andrew/java/jdk1.8.0_45/lib/amd64/jli/libjli.so
7fc997c06000-7fc997e06000 ---p 00015000 08:06 14944600                   /home/andrew/java/jdk1.8.0_45/lib/amd64/jli/libjli.so
7fc997e06000-7fc997e07000 rw-p 00015000 08:06 14944600                   /home/andrew/java/jdk1.8.0_45/lib/amd64/jli/libjli.so
7fc997e07000-7fc997e1f000 r-xp 00000000 08:01 2621611                    /lib/x86_64-linux-gnu/libpthread-2.23.so
7fc997e1f000-7fc99801e000 ---p 00018000 08:01 2621611                    /lib/x86_64-linux-gnu/libpthread-2.23.so
7fc99801e000-7fc99801f000 r--p 00017000 08:01 2621611                    /lib/x86_64-linux-gnu/libpthread-2.23.so
7fc99801f000-7fc998020000 rw-p 00018000 08:01 2621611                    /lib/x86_64-linux-gnu/libpthread-2.23.so
7fc998020000-7fc998024000 rw-p 00000000 00:00 0 
7fc998024000-7fc99804a000 r-xp 00000000 08:01 2621610                    /lib/x86_64-linux-gnu/ld-2.23.so
7fc99804a000-7fc99804b000 r--s 00000000 08:06 10883332                   /home/andrew/.m2/repository/org/springframework/boot/spring-boot-starter-tomcat/2.2.0.RELEASE/spring-boot-starter-tomcat-2.2.0.RELEASE.jar
7fc99804b000-7fc99804d000 r--s 00007000 08:06 11145421                   /home/andrew/.m2/repository/com/fasterxml/jackson/datatype/jackson-datatype-jdk8/2.10.0/jackson-datatype-jdk8-2.10.0.jar
7fc99804d000-7fc99804e000 r--s 00000000 08:06 11145413                   /home/andrew/.m2/repository/org/springframework/boot/spring-boot-starter-json/2.2.0.RELEASE/spring-boot-starter-json-2.2.0.RELEASE.jar
7fc99804e000-7fc998050000 r--s 00005000 08:06 11144723                   /home/andrew/.m2/repository/jakarta/annotation/jakarta.annotation-api/1.3.5/jakarta.annotation-api-1.3.5.jar
7fc998050000-7fc99805b000 r--s 00069000 08:06 10883001                   /home/andrew/.m2/repository/ch/qos/logback/logback-core/1.2.3/logback-core-1.2.3.jar
7fc99805b000-7fc998126000 rw-p 00000000 00:00 0 
7fc998126000-7fc998129000 ---p 00000000 00:00 0 
7fc998129000-7fc99822c000 rw-p 00000000 00:00 0 
7fc99822c000-7fc99822e000 r--s 00000000 08:06 11016484                   /home/andrew/.m2/repository/org/slf4j/jul-to-slf4j/1.7.28/jul-to-slf4j-1.7.28.jar
7fc99822e000-7fc998234000 r--s 0003e000 08:06 11144721                   /home/andrew/.m2/repository/org/apache/logging/log4j/log4j-api/2.12.1/log4j-api-2.12.1.jar
7fc998234000-7fc998236000 r--s 00003000 08:06 11144719                   /home/andrew/.m2/repository/org/apache/logging/log4j/log4j-to-slf4j/2.12.1/log4j-to-slf4j-2.12.1.jar
7fc998236000-7fc99823c000 r--s 00041000 08:06 10882998                   /home/andrew/.m2/repository/ch/qos/logback/logback-classic/1.2.3/logback-classic-1.2.3.jar
7fc99823c000-7fc99823d000 r--s 00000000 08:06 11144717                   /home/andrew/.m2/repository/org/springframework/boot/spring-boot-starter-logging/2.2.0.RELEASE/spring-boot-starter-logging-2.2.0.RELEASE.jar
7fc99823d000-7fc99823e000 r--s 00000000 08:06 11144711                   /home/andrew/.m2/repository/org/springframework/boot/spring-boot-starter/2.2.0.RELEASE/spring-boot-starter-2.2.0.RELEASE.jar
7fc99823e000-7fc99823f000 r--s 00000000 08:06 10883330                   /home/andrew/.m2/repository/org/springframework/boot/spring-boot-starter-web/2.2.0.RELEASE/spring-boot-starter-web-2.2.0.RELEASE.jar
7fc99823f000-7fc998247000 rw-s 00000000 08:01 4065135                    /tmp/hsperfdata_andrew/25820
7fc998247000-7fc998248000 rw-p 00000000 00:00 0 
7fc998248000-7fc998249000 r--p 00000000 00:00 0 
7fc998249000-7fc99824a000 r--p 00025000 08:01 2621610                    /lib/x86_64-linux-gnu/ld-2.23.so
7fc99824a000-7fc99824b000 rw-p 00026000 08:01 2621610                    /lib/x86_64-linux-gnu/ld-2.23.so
7fc99824b000-7fc99824c000 rw-p 00000000 00:00 0 
7fff0d23e000-7fff0d261000 rw-p 00000000 00:00 0                          [stack]
7fff0d32e000-7fff0d330000 r--p 00000000 00:00 0                          [vvar]
7fff0d330000-7fff0d332000 r-xp 00000000 00:00 0                          [vdso]
ffffffffff600000-ffffffffff601000 r-xp 00000000 00:00 0                  [vsyscall]

VM Arguments:
jvm_args: -Dcom.sun.management.jmxremote -Dcom.sun.management.jmxremote.port=45752 -Dcom.sun.management.jmxremote.authenticate=false -Dcom.sun.management.jmxremote.ssl=false -Djava.rmi.server.hostname=localhost -Dspring.jmx.enabled=true -Dspring.application.admin.enabled=true -Djava.security.egd=file:/dev/./urandom -Xverify:none -XX:TieredStopAtLevel=1 -Dspring.boot.project.name=cardatabase -Dfile.encoding=UTF-8 
java_command: com.packt.cardatabase.CardatabaseApplication --spring.output.ansi.enabled=always
java_class_path (initial): /home/andrew/Documents/workspace-spring-tool-suite-4-4.4.0.RELEASE/cardatabase/target/classes:/home/andrew/.m2/repository/org/springframework/boot/spring-boot-starter-web/2.2.0.RELEASE/spring-boot-starter-web-2.2.0.RELEASE.jar:/home/andrew/.m2/repository/org/springframework/boot/spring-boot-starter/2.2.0.RELEASE/spring-boot-starter-2.2.0.RELEASE.jar:/home/andrew/.m2/repository/org/springframework/boot/spring-boot-starter-logging/2.2.0.RELEASE/spring-boot-starter-logging-2.2.0.RELEASE.jar:/home/andrew/.m2/repository/ch/qos/logback/logback-classic/1.2.3/logback-classic-1.2.3.jar:/home/andrew/.m2/repository/ch/qos/logback/logback-core/1.2.3/logback-core-1.2.3.jar:/home/andrew/.m2/repository/org/apache/logging/log4j/log4j-to-slf4j/2.12.1/log4j-to-slf4j-2.12.1.jar:/home/andrew/.m2/repository/org/apache/logging/log4j/log4j-api/2.12.1/log4j-api-2.12.1.jar:/home/andrew/.m2/repository/org/slf4j/jul-to-slf4j/1.7.28/jul-to-slf4j-1.7.28.jar:/home/andrew/.m2/repository/jakarta/annotation/jakarta.annotation-api/1.3.5/jakarta.annotation-api-1.3.5.jar:/home/andrew/.m2/repository/org/yaml/snakeyaml/1.25/snakeyaml-1.25.jar:/home/andrew/.m2/repository/org/springframework/boot/spring-boot-starter-json/2.2.0.RELEASE/spring-boot-starter-json-2.2.0.RELEASE.jar:/home/andrew/.m2/repository/com/fasterxml/jackson/core/jackson-databind/2.10.0/jackson-databind-2.10.0.jar:/home/andrew/.m2/repository/com/fasterxml/jackson/core/jackson-core/2.10.0/jackson-core-2.10.0.jar:/home/andrew/.m2/repository/com/fasterxml/jackson/datatype/jackson-datatype-jdk8/2.10.0/jackson-datatype-jdk8-2.10.0.jar:/home/andrew/.m2/repository/com/fasterxml/jackson/datatype/jackson-datatype-jsr310/2.10.0/jackson-datatype-jsr310-2.10.0.jar:/home/andrew/.m2/repository/com/fasterxml/jackson/module/jackson-module-parameter-names/2.10.0/jackson-module-parameter-names-2.10.0.jar:/home/andrew/.m2/repository/org/springframework/boot/spring-boot-starter-tomcat/2.2.0.RELEASE/spring-boot-starter-tomcat-2.2
Launcher Type: SUN_STANDARD

Environment Variables:
PATH=/home/andrew/java/jdk1.8.0_45/bin:/home/andrew/bin:/usr/local/sbin:/usr/local/bin:/usr/sbin:/usr/bin:/sbin:/bin:/usr/games:/usr/local/games:/snap/bin:/home/andrew/.dotnet/tools
SHELL=/bin/bash
DISPLAY=:0

Signal Handlers:
SIGSEGV: [libjvm.so+0xaad1e0], sa_mask[0]=11111111011111111101111111111110, sa_flags=SA_RESTART|SA_SIGINFO
SIGBUS: [libjvm.so+0xaad1e0], sa_mask[0]=11111111011111111101111111111110, sa_flags=SA_RESTART|SA_SIGINFO
SIGFPE: [libjvm.so+0x90b450], sa_mask[0]=11111111011111111101111111111110, sa_flags=SA_RESTART|SA_SIGINFO
SIGPIPE: [libjvm.so+0x90b450], sa_mask[0]=11111111011111111101111111111110, sa_flags=SA_RESTART|SA_SIGINFO
SIGXFSZ: [libjvm.so+0x90b450], sa_mask[0]=11111111011111111101111111111110, sa_flags=SA_RESTART|SA_SIGINFO
SIGILL: [libjvm.so+0x90b450], sa_mask[0]=11111111011111111101111111111110, sa_flags=SA_RESTART|SA_SIGINFO
SIGUSR1: SIG_DFL, sa_mask[0]=00000000000000000000000000000000, sa_flags=none
SIGUSR2: [libjvm.so+0x90ca90], sa_mask[0]=00100000000000000000000000000000, sa_flags=SA_RESTART|SA_SIGINFO
SIGHUP: [libjvm.so+0x90dde0], sa_mask[0]=11111111011111111101111111111110, sa_flags=SA_RESTART|SA_SIGINFO
SIGINT: [libjvm.so+0x90dde0], sa_mask[0]=11111111011111111101111111111110, sa_flags=SA_RESTART|SA_SIGINFO
SIGTERM: [libjvm.so+0x90dde0], sa_mask[0]=11111111011111111101111111111110, sa_flags=SA_RESTART|SA_SIGINFO
SIGQUIT: [libjvm.so+0x90dde0], sa_mask[0]=11111111011111111101111111111110, sa_flags=SA_RESTART|SA_SIGINFO


---------------  S Y S T E M  ---------------

OS:DISTRIB_ID=Ubuntu
DISTRIB_RELEASE=16.04
DISTRIB_CODENAME=xenial
DISTRIB_DESCRIPTION="Ubuntu 16.04.6 LTS"

uname:Linux 4.4.0-166-generic #195-Ubuntu SMP Tue Oct 1 09:35:25 UTC 2019 x86_64
libc:glibc 2.23 NPTL 2.23 
rlimit: STACK 8192k, CORE 0k, NPROC 30960, NOFILE 1048576, AS infinity
load average:1.15 0.98 0.96

/proc/meminfo:
MemTotal:        7968976 kB
MemFree:          482196 kB
MemAvailable:     813956 kB
Buffers:           38516 kB
Cached:          1063876 kB
SwapCached:        20948 kB
Active:          5633308 kB
Inactive:        1414616 kB
Active(anon):    5336084 kB
Inactive(anon):  1235208 kB
Active(file):     297224 kB
Inactive(file):   179408 kB
Unevictable:         400 kB
Mlocked:             400 kB
SwapTotal:      19530748 kB
SwapFree:       18360076 kB
Dirty:               236 kB
Writeback:             0 kB
AnonPages:       5930068 kB
Mapped:           531460 kB
Shmem:            625760 kB
Slab:             213376 kB
SReclaimable:     154252 kB
SUnreclaim:        59124 kB
KernelStack:       19520 kB
PageTables:       102888 kB
NFS_Unstable:          0 kB
Bounce:                0 kB
WritebackTmp:          0 kB
CommitLimit:    23515236 kB
Committed_AS:   18001468 kB
VmallocTotal:   34359738367 kB
VmallocUsed:           0 kB
VmallocChunk:          0 kB
HardwareCorrupted:     0 kB
AnonHugePages:         0 kB
CmaTotal:              0 kB
CmaFree:               0 kB
HugePages_Total:       0
HugePages_Free:        0
HugePages_Rsvd:        0
HugePages_Surp:        0
Hugepagesize:       2048 kB
DirectMap4k:      320496 kB
DirectMap2M:     7862272 kB


CPU:total 4 (2 cores per cpu, 2 threads per core) family 6 model 37 stepping 5, cmov, cx8, fxsr, mmx, sse, sse2, sse3, ssse3, sse4.1, sse4.2, popcnt, ht, tsc, tscinvbit

/proc/cpuinfo:
processor	: 0
vendor_id	: GenuineIntel
cpu family	: 6
model		: 37
model name	: Intel(R) Core(TM) i5 CPU       M 460  @ 2.53GHz
stepping	: 5
microcode	: 0x7
cpu MHz		: 2261.000
cache size	: 3072 KB
physical id	: 0
siblings	: 4
core id		: 0
cpu cores	: 2
apicid		: 0
initial apicid	: 0
fpu		: yes
fpu_exception	: yes
cpuid level	: 11
wp		: yes
flags		: fpu vme de pse tsc msr pae mce cx8 apic sep mtrr pge mca cmov pat pse36 clflush dts acpi mmx fxsr sse sse2 ss ht tm pbe syscall nx rdtscp lm constant_tsc arch_perfmon pebs bts rep_good nopl xtopology nonstop_tsc aperfmperf pni dtes64 monitor ds_cpl vmx est tm2 ssse3 cx16 xtpr pdcm pcid sse4_1 sse4_2 popcnt lahf_lm ssbd ibrs ibpb stibp kaiser tpr_shadow vnmi flexpriority ept vpid dtherm ida arat flush_l1d
bugs		: cpu_meltdown spectre_v1 spectre_v2 spec_store_bypass l1tf mds swapgs
bogomips	: 5053.98
clflush size	: 64
cache_alignment	: 64
address sizes	: 36 bits physical, 48 bits virtual
power management:

processor	: 1
vendor_id	: GenuineIntel
cpu family	: 6
model		: 37
model name	: Intel(R) Core(TM) i5 CPU       M 460  @ 2.53GHz
stepping	: 5
microcode	: 0x7
cpu MHz		: 1596.000
cache size	: 3072 KB
physical id	: 0
siblings	: 4
core id		: 2
cpu cores	: 2
apicid		: 4
initial apicid	: 4
fpu		: yes
fpu_exception	: yes
cpuid level	: 11
wp		: yes
flags		: fpu vme de pse tsc msr pae mce cx8 apic sep mtrr pge mca cmov pat pse36 clflush dts acpi mmx fxsr sse sse2 ss ht tm pbe syscall nx rdtscp lm constant_tsc arch_perfmon pebs bts rep_good nopl xtopology nonstop_tsc aperfmperf pni dtes64 monitor ds_cpl vmx est tm2 ssse3 cx16 xtpr pdcm pcid sse4_1 sse4_2 popcnt lahf_lm ssbd ibrs ibpb stibp kaiser tpr_shadow vnmi flexpriority ept vpid dtherm ida arat flush_l1d
bugs		: cpu_meltdown spectre_v1 spectre_v2 spec_store_bypass l1tf mds swapgs
bogomips	: 5053.98
clflush size	: 64
cache_alignment	: 64
address sizes	: 36 bits physical, 48 bits virtual
power management:

processor	: 2
vendor_id	: GenuineIntel
cpu family	: 6
model		: 37
model name	: Intel(R) Core(TM) i5 CPU       M 460  @ 2.53GHz
stepping	: 5
microcode	: 0x7
cpu MHz		: 2528.000
cache size	: 3072 KB
physical id	: 0
siblings	: 4
core id		: 0
cpu cores	: 2
apicid		: 1
initial apicid	: 1
fpu		: yes
fpu_exception	: yes
cpuid level	: 11
wp		: yes
flags		: fpu vme de pse tsc msr pae mce cx8 apic sep mtrr pge mca cmov pat pse36 clflush dts acpi mmx fxsr sse sse2 ss ht tm pbe syscall nx rdtscp lm constant_tsc arch_perfmon pebs bts rep_good nopl xtopology nonstop_tsc aperfmperf pni dtes64 monitor ds_cpl vmx est tm2 ssse3 cx16 xtpr pdcm pcid sse4_1 sse4_2 popcnt lahf_lm ssbd ibrs ibpb stibp kaiser tpr_shadow vnmi flexpriority ept vpid dtherm ida arat flush_l1d
bugs		: cpu_meltdown spectre_v1 spectre_v2 spec_store_bypass l1tf mds swapgs
bogomips	: 5053.98
clflush size	: 64
cache_alignment	: 64
address sizes	: 36 bits physical, 48 bits virtual
power management:

processor	: 3
vendor_id	: GenuineIntel
cpu family	: 6
model		: 37
model name	: Intel(R) Core(TM) i5 CPU       M 460  @ 2.53GHz
stepping	: 5
microcode	: 0x7
cpu MHz		: 1862.000
cache size	: 3072 KB
physical id	: 0
siblings	: 4
core id		: 2
cpu cores	: 2
apicid		: 5
initial apicid	: 5
fpu		: yes
fpu_exception	: yes
cpuid level	: 11
wp		: yes
flags		: fpu vme de pse tsc msr pae mce cx8 apic sep mtrr pge mca cmov pat pse36 clflush dts acpi mmx fxsr sse sse2 ss ht tm pbe syscall nx rdtscp lm constant_tsc arch_perfmon pebs bts rep_good nopl xtopology nonstop_tsc aperfmperf pni dtes64 monitor ds_cpl vmx est tm2 ssse3 cx16 xtpr pdcm pcid sse4_1 sse4_2 popcnt lahf_lm ssbd ibrs ibpb stibp kaiser tpr_shadow vnmi flexpriority ept vpid dtherm ida arat flush_l1d
bugs		: cpu_meltdown spectre_v1 spectre_v2 spec_store_bypass l1tf mds swapgs
bogomips	: 5053.98
clflush size	: 64
cache_alignment	: 64
address sizes	: 36 bits physical, 48 bits virtual
power management:



Memory: 4k page, physical 7968976k(482196k free), swap 19530748k(18360076k free)

vm_info: Java HotSpot(TM) 64-Bit Server VM (25.45-b02) for linux-amd64 JRE (1.8.0_45-b14), built on Apr 10 2015 10:07:45 by "java_re" with gcc 4.3.0 20080428 (Red Hat 4.3.0-8)

time: Sun Oct 27 11:26:00 2019
elapsed time: 0 seconds (0d 0h 0m 0s)

